2023-07-18 16:09:20.109 +0700 [debug] ([34mconfigs.js[0m) [31mloaded default configs as "{"updates":{"manifest_url":"https://cdn.freshdev.io/assets/fdk/updates.json","period":24},"log":{"level":"info"},"javascript":{"ecma_version":2020},"request":{"timeout":5000}}"[0m
2023-07-18 16:09:20.113 +0700 [debug] ([34mfile.js[0m) [31mError while requiring C:\Users\Admin/.fdk/configs.json: Cannot find module 'C:\Users\Admin/.fdk/configs.json'
Require stack:
- C:\Users\Admin\AppData\Roaming\nvm\v16.19.0\node_modules\fdk\lib\utils\file.js
- C:\Users\Admin\AppData\Roaming\nvm\v16.19.0\node_modules\fdk\lib\configs.js
- C:\Users\Admin\AppData\Roaming\nvm\v16.19.0\node_modules\fdk\lib\logger.js
- C:\Users\Admin\AppData\Roaming\nvm\v16.19.0\node_modules\fdk\index.js[0m
2023-07-18 16:09:20.114 +0700 [debug] ([34mconfigs.js[0m) [31mloaded global configs as "{}"[0m
2023-07-18 16:09:20.114 +0700 [debug] ([34mfile.js[0m) [31mError while requiring D:\TrueBPM\Freshworks\Freskdesk\EndUser/.fdk/configs.json: Cannot find module 'D:\TrueBPM\Freshworks\Freskdesk\EndUser/.fdk/configs.json'
Require stack:
- C:\Users\Admin\AppData\Roaming\nvm\v16.19.0\node_modules\fdk\lib\utils\file.js
- C:\Users\Admin\AppData\Roaming\nvm\v16.19.0\node_modules\fdk\lib\configs.js
- C:\Users\Admin\AppData\Roaming\nvm\v16.19.0\node_modules\fdk\lib\logger.js
- C:\Users\Admin\AppData\Roaming\nvm\v16.19.0\node_modules\fdk\index.js[0m
2023-07-18 16:09:20.114 +0700 [debug] ([34mconfigs.js[0m) [31mloaded local configs as "{}"[0m
2023-07-18 16:09:20.114 +0700 [debug] ([34mconfigs.js[0m) [31mloaded env configs as "{"updates":{},"log":{},"javascript":{},"request":{"timeout":5000}}"[0m
2023-07-18 16:09:20.114 +0700 [debug] ([34mconfigs.js[0m) [31mloaded resolved configs as "{"updates":{"manifest_url":"https://cdn.freshdev.io/assets/fdk/updates.json","period":24},"log":{"level":"info"},"javascript":{"ecma_version":2020},"request":{"timeout":5000}}"[0m
2023-07-18 16:09:20.114 +0700 [debug] ([34mlogger.js[0m) [31mStarting FDK in node v16.19.0 on win32[0m
2023-07-18 16:09:20.114 +0700 [debug] ([34msequelize.js[0m) [31msetting up sqilite at "D:\TrueBPM\Freshworks\Freskdesk\EndUser/.fdk/store.sqlite"[0m
2023-07-18 16:09:20.116 +0700 [error] [31m[ERROR][0m  Node.js version of 18.x.x is required to run this SDK. v16.19.0 found.
2023-07-18 16:09:47.616 +0700 [debug] ([34mconfigs.js[0m) [31mloaded default configs as "{"updates":{"manifest_url":"https://cdn.freshdev.io/assets/fdk/updates.json","period":24},"log":{"level":"info"},"javascript":{"ecma_version":2020},"request":{"timeout":5000}}"[0m
2023-07-18 16:09:47.620 +0700 [debug] ([34mfile.js[0m) [31mError while requiring C:\Users\Admin/.fdk/configs.json: Cannot find module 'C:\Users\Admin/.fdk/configs.json'
Require stack:
- C:\Users\Admin\AppData\Roaming\nvm\v18.16.1\node_modules\fdk\lib\utils\file.js
- C:\Users\Admin\AppData\Roaming\nvm\v18.16.1\node_modules\fdk\lib\configs.js
- C:\Users\Admin\AppData\Roaming\nvm\v18.16.1\node_modules\fdk\lib\logger.js
- C:\Users\Admin\AppData\Roaming\nvm\v18.16.1\node_modules\fdk\index.js[0m
2023-07-18 16:09:47.621 +0700 [debug] ([34mconfigs.js[0m) [31mloaded global configs as "{}"[0m
2023-07-18 16:09:47.621 +0700 [debug] ([34mfile.js[0m) [31mError while requiring D:\TrueBPM\Freshworks\Freskdesk\EndUser/.fdk/configs.json: Cannot find module 'D:\TrueBPM\Freshworks\Freskdesk\EndUser/.fdk/configs.json'
Require stack:
- C:\Users\Admin\AppData\Roaming\nvm\v18.16.1\node_modules\fdk\lib\utils\file.js
- C:\Users\Admin\AppData\Roaming\nvm\v18.16.1\node_modules\fdk\lib\configs.js
- C:\Users\Admin\AppData\Roaming\nvm\v18.16.1\node_modules\fdk\lib\logger.js
- C:\Users\Admin\AppData\Roaming\nvm\v18.16.1\node_modules\fdk\index.js[0m
2023-07-18 16:09:47.621 +0700 [debug] ([34mconfigs.js[0m) [31mloaded local configs as "{}"[0m
2023-07-18 16:09:47.621 +0700 [debug] ([34mconfigs.js[0m) [31mloaded env configs as "{"updates":{},"log":{},"javascript":{},"request":{"timeout":5000}}"[0m
2023-07-18 16:09:47.621 +0700 [debug] ([34mconfigs.js[0m) [31mloaded resolved configs as "{"updates":{"manifest_url":"https://cdn.freshdev.io/assets/fdk/updates.json","period":24},"log":{"level":"info"},"javascript":{"ecma_version":2020},"request":{"timeout":5000}}"[0m
2023-07-18 16:09:47.621 +0700 [debug] ([34mlogger.js[0m) [31mStarting FDK in node v18.16.1 on win32[0m
2023-07-18 16:09:47.621 +0700 [debug] ([34msequelize.js[0m) [31msetting up sqilite at "D:\TrueBPM\Freshworks\Freskdesk\EndUser/.fdk/store.sqlite"[0m
2023-07-18 16:09:47.622 +0700 [debug] ([34mdata.js[0m) [31mRead {"version_details":{"cli":{"deprecated":{"version":"<9","message":"This FDK version will be deprecated by September 30, 2023 There will be no further feature updates to this version. For a seamless app building experience, ensure to move to the latest FDK version. For more information, see https://developers.freshdesk.com/v2/docs/migration-overview/#latest_platform_version_migration."},"forced":{"version":"7.0.0","command":"npm install https://dl.freshdev.io/cli/fdk-7.0.0.tgz -g","message":"Your FDK version has been forced updated to v7.0.0, please visit https://community.developers.freshworks.com/t/fdk-v7-0-announcing-node-js-v12-and-es6-support/3606 to know more"},"latest":{"version":"9.0.2","command":"npm install https://cdn.freshdev.io/fdk/latest.tgz -g","message":"You are on the latest FDK version. For information on the features available as part of this FDK version, see https://developers.freshdesk.com/v2/docs/what's-new/ ."}},"addon":{"version":"1.13.4","url":"https://cdn.freshdev.io/assets/fdk/addons/addon.zip"}},"last_updated":{"time_stamp":1689567723365}}[0m
2023-07-18 16:09:47.622 +0700 [debug] ([34mupdater.js[0m) [31mlast check more than 24 hours ago, looking for updates again[0m
2023-07-18 16:09:48.200 +0700 [debug] ([34mupdater.js[0m) [31mdownloaded update manifest as {"cli":{"deprecated":{"version":"<9","message":"This FDK version will be deprecated by September 30, 2023 There will be no further feature updates to this version. For a seamless app building experience, ensure to move to the latest FDK version. For more information, see https://developers.freshdesk.com/v2/docs/migration-overview/#latest_platform_version_migration."},"forced":{"version":"7.0.0","command":"npm install https://dl.freshdev.io/cli/fdk-7.0.0.tgz -g","message":"Your FDK version has been forced updated to v7.0.0, please visit https://community.developers.freshworks.com/t/fdk-v7-0-announcing-node-js-v12-and-es6-support/3606 to know more"},"latest":{"version":"9.0.2","command":"npm install https://cdn.freshdev.io/fdk/latest.tgz -g","message":"You are on the latest FDK version. For information on the features available as part of this FDK version, see https://developers.freshdesk.com/v2/docs/what's-new/ ."}},"addon":{"version":"1.13.4","url":"https://cdn.freshdev.io/assets/fdk/addons/addon.zip"}}[0m
2023-07-18 16:09:48.201 +0700 [debug] ([34mdata.js[0m) [31mRead {"version_details":{"cli":{"deprecated":{"version":"<9","message":"This FDK version will be deprecated by September 30, 2023 There will be no further feature updates to this version. For a seamless app building experience, ensure to move to the latest FDK version. For more information, see https://developers.freshdesk.com/v2/docs/migration-overview/#latest_platform_version_migration."},"forced":{"version":"7.0.0","command":"npm install https://dl.freshdev.io/cli/fdk-7.0.0.tgz -g","message":"Your FDK version has been forced updated to v7.0.0, please visit https://community.developers.freshworks.com/t/fdk-v7-0-announcing-node-js-v12-and-es6-support/3606 to know more"},"latest":{"version":"9.0.2","command":"npm install https://cdn.freshdev.io/fdk/latest.tgz -g","message":"You are on the latest FDK version. For information on the features available as part of this FDK version, see https://developers.freshdesk.com/v2/docs/what's-new/ ."}},"addon":{"version":"1.13.4","url":"https://cdn.freshdev.io/assets/fdk/addons/addon.zip"}},"last_updated":{"time_stamp":1689567723365}}[0m
2023-07-18 16:09:48.202 +0700 [debug] ([34mdata.js[0m) [31mRead {"version_details":{"cli":{"deprecated":{"version":"<9","message":"This FDK version will be deprecated by September 30, 2023 There will be no further feature updates to this version. For a seamless app building experience, ensure to move to the latest FDK version. For more information, see https://developers.freshdesk.com/v2/docs/migration-overview/#latest_platform_version_migration."},"forced":{"version":"7.0.0","command":"npm install https://dl.freshdev.io/cli/fdk-7.0.0.tgz -g","message":"Your FDK version has been forced updated to v7.0.0, please visit https://community.developers.freshworks.com/t/fdk-v7-0-announcing-node-js-v12-and-es6-support/3606 to know more"},"latest":{"version":"9.0.2","command":"npm install https://cdn.freshdev.io/fdk/latest.tgz -g","message":"You are on the latest FDK version. For information on the features available as part of this FDK version, see https://developers.freshdesk.com/v2/docs/what's-new/ ."}},"addon":{"version":"1.13.4","url":"https://cdn.freshdev.io/assets/fdk/addons/addon.zip"}},"last_updated":{"time_stamp":1689567723365}}[0m
2023-07-18 16:09:48.204 +0700 [debug] ([34mdata.js[0m) [31mRead {"version_details":{"cli":{"deprecated":{"version":"<9","message":"This FDK version will be deprecated by September 30, 2023 There will be no further feature updates to this version. For a seamless app building experience, ensure to move to the latest FDK version. For more information, see https://developers.freshdesk.com/v2/docs/migration-overview/#latest_platform_version_migration."},"forced":{"version":"7.0.0","command":"npm install https://dl.freshdev.io/cli/fdk-7.0.0.tgz -g","message":"Your FDK version has been forced updated to v7.0.0, please visit https://community.developers.freshworks.com/t/fdk-v7-0-announcing-node-js-v12-and-es6-support/3606 to know more"},"latest":{"version":"9.0.2","command":"npm install https://cdn.freshdev.io/fdk/latest.tgz -g","message":"You are on the latest FDK version. For information on the features available as part of this FDK version, see https://developers.freshdesk.com/v2/docs/what's-new/ ."}},"addon":{"version":"1.13.4","url":"https://cdn.freshdev.io/assets/fdk/addons/addon.zip"}},"last_updated":{"time_stamp":1689567723365}}[0m
2023-07-18 16:09:48.210 +0700 [debug] ([34mindex.js[0m) [31mrunning with opts {}[0m
2023-07-18 16:09:48.321 +0700 [debug] ([34mdata.js[0m) [31mRead {"version_details":{"cli":{"deprecated":{"version":"<9","message":"This FDK version will be deprecated by September 30, 2023 There will be no further feature updates to this version. For a seamless app building experience, ensure to move to the latest FDK version. For more information, see https://developers.freshdesk.com/v2/docs/migration-overview/#latest_platform_version_migration."},"forced":{"version":"7.0.0","command":"npm install https://dl.freshdev.io/cli/fdk-7.0.0.tgz -g","message":"Your FDK version has been forced updated to v7.0.0, please visit https://community.developers.freshworks.com/t/fdk-v7-0-announcing-node-js-v12-and-es6-support/3606 to know more"},"latest":{"version":"9.0.2","command":"npm install https://cdn.freshdev.io/fdk/latest.tgz -g","message":"You are on the latest FDK version. For information on the features available as part of this FDK version, see https://developers.freshdesk.com/v2/docs/what's-new/ ."}},"addon":{"version":"1.13.4","url":"https://cdn.freshdev.io/assets/fdk/addons/addon.zip"}},"last_updated":{"time_stamp":1689671388203}}[0m
2023-07-18 16:09:48.353 +0700 [debug] ([34mcreate.js[0m) [31m'init' called with D:\TrueBPM\Freshworks\Freskdesk\EndUser, undefined, undefined[0m
2023-07-18 16:09:53.554 +0700 [debug] ([34mcreate.js[0m) [31mInitializing template "your_first_visitor_app" with product "freshdesk".[0m
2023-07-18 16:09:53.608 +0700 [info] A new Freshdesk app was successfully created from template "your_first_visitor_app" with the following files.

2023-07-18 16:11:28.034 +0700 [debug] ([34mconfigs.js[0m) [31mloaded default configs as "{"updates":{"manifest_url":"https://cdn.freshdev.io/assets/fdk/updates.json","period":24},"log":{"level":"info"},"javascript":{"ecma_version":2020},"request":{"timeout":5000}}"[0m
2023-07-18 16:11:28.035 +0700 [debug] ([34mfile.js[0m) [31mError while requiring C:\Users\Admin/.fdk/configs.json: Cannot find module 'C:\Users\Admin/.fdk/configs.json'
Require stack:
- C:\Users\Admin\AppData\Roaming\nvm\v18.16.1\node_modules\fdk\lib\utils\file.js
- C:\Users\Admin\AppData\Roaming\nvm\v18.16.1\node_modules\fdk\lib\configs.js
- C:\Users\Admin\AppData\Roaming\nvm\v18.16.1\node_modules\fdk\lib\logger.js
- C:\Users\Admin\AppData\Roaming\nvm\v18.16.1\node_modules\fdk\index.js[0m
2023-07-18 16:11:28.036 +0700 [debug] ([34mconfigs.js[0m) [31mloaded global configs as "{}"[0m
2023-07-18 16:11:28.036 +0700 [debug] ([34mfile.js[0m) [31mError while requiring D:\TrueBPM\Freshworks\Freskdesk\EndUser/.fdk/configs.json: Cannot find module 'D:\TrueBPM\Freshworks\Freskdesk\EndUser/.fdk/configs.json'
Require stack:
- C:\Users\Admin\AppData\Roaming\nvm\v18.16.1\node_modules\fdk\lib\utils\file.js
- C:\Users\Admin\AppData\Roaming\nvm\v18.16.1\node_modules\fdk\lib\configs.js
- C:\Users\Admin\AppData\Roaming\nvm\v18.16.1\node_modules\fdk\lib\logger.js
- C:\Users\Admin\AppData\Roaming\nvm\v18.16.1\node_modules\fdk\index.js[0m
2023-07-18 16:11:28.036 +0700 [debug] ([34mconfigs.js[0m) [31mloaded local configs as "{}"[0m
2023-07-18 16:11:28.036 +0700 [debug] ([34mconfigs.js[0m) [31mloaded env configs as "{"updates":{},"log":{},"javascript":{},"request":{"timeout":5000}}"[0m
2023-07-18 16:11:28.036 +0700 [debug] ([34mconfigs.js[0m) [31mloaded resolved configs as "{"updates":{"manifest_url":"https://cdn.freshdev.io/assets/fdk/updates.json","period":24},"log":{"level":"info"},"javascript":{"ecma_version":2020},"request":{"timeout":5000}}"[0m
2023-07-18 16:11:28.036 +0700 [debug] ([34mlogger.js[0m) [31mStarting FDK in node v18.16.1 on win32[0m
2023-07-18 16:11:28.036 +0700 [debug] ([34msequelize.js[0m) [31msetting up sqilite at "D:\TrueBPM\Freshworks\Freskdesk\EndUser/.fdk/store.sqlite"[0m
2023-07-18 16:11:28.037 +0700 [debug] ([34mdata.js[0m) [31mRead {"version_details":{"cli":{"deprecated":{"version":"<9","message":"This FDK version will be deprecated by September 30, 2023 There will be no further feature updates to this version. For a seamless app building experience, ensure to move to the latest FDK version. For more information, see https://developers.freshdesk.com/v2/docs/migration-overview/#latest_platform_version_migration."},"forced":{"version":"7.0.0","command":"npm install https://dl.freshdev.io/cli/fdk-7.0.0.tgz -g","message":"Your FDK version has been forced updated to v7.0.0, please visit https://community.developers.freshworks.com/t/fdk-v7-0-announcing-node-js-v12-and-es6-support/3606 to know more"},"latest":{"version":"9.0.2","command":"npm install https://cdn.freshdev.io/fdk/latest.tgz -g","message":"You are on the latest FDK version. For information on the features available as part of this FDK version, see https://developers.freshdesk.com/v2/docs/what's-new/ ."}},"addon":{"version":"1.13.4","url":"https://cdn.freshdev.io/assets/fdk/addons/addon.zip"}},"last_updated":{"time_stamp":1689671388203}}[0m
2023-07-18 16:11:28.037 +0700 [debug] ([34mupdater.js[0m) [31mlast check less than 24 hours ago, not looking for updates[0m
2023-07-18 16:11:28.040 +0700 [debug] ([34mindex.js[0m) [31mrunning with opts {}[0m
2023-07-18 16:11:31.153 +0700 [debug] ([34mmanifest.js[0m) [31mReloading manifest with {"platform-version":"2.3","product":{"freshdesk":{"location":{"portal_tickets_new_sidebar":{"url":"index.html","icon":"styles/images/icon.svg"}}}},"engines":{"node":"18.16.1","fdk":"9.0.2"}}.[0m
2023-07-18 16:11:31.153 +0700 [debug] ([34mmanifest.js[0m) [31mInferred db as features.[0m
2023-07-18 16:11:31.168 +0700 [debug] ([34mdata.js[0m) [31mRead {"version_details":{"cli":{"deprecated":{"version":"<9","message":"This FDK version will be deprecated by September 30, 2023 There will be no further feature updates to this version. For a seamless app building experience, ensure to move to the latest FDK version. For more information, see https://developers.freshdesk.com/v2/docs/migration-overview/#latest_platform_version_migration."},"forced":{"version":"7.0.0","command":"npm install https://dl.freshdev.io/cli/fdk-7.0.0.tgz -g","message":"Your FDK version has been forced updated to v7.0.0, please visit https://community.developers.freshworks.com/t/fdk-v7-0-announcing-node-js-v12-and-es6-support/3606 to know more"},"latest":{"version":"9.0.2","command":"npm install https://cdn.freshdev.io/fdk/latest.tgz -g","message":"You are on the latest FDK version. For information on the features available as part of this FDK version, see https://developers.freshdesk.com/v2/docs/what's-new/ ."}},"addon":{"version":"1.13.4","url":"https://cdn.freshdev.io/assets/fdk/addons/addon.zip"}},"last_updated":{"time_stamp":1689671388203}}[0m
2023-07-18 16:11:31.371 +0700 [debug] ([34mdata.js[0m) [31mRead {"version_details":{"cli":{"deprecated":{"version":"<9","message":"This FDK version will be deprecated by September 30, 2023 There will be no further feature updates to this version. For a seamless app building experience, ensure to move to the latest FDK version. For more information, see https://developers.freshdesk.com/v2/docs/migration-overview/#latest_platform_version_migration."},"forced":{"version":"7.0.0","command":"npm install https://dl.freshdev.io/cli/fdk-7.0.0.tgz -g","message":"Your FDK version has been forced updated to v7.0.0, please visit https://community.developers.freshworks.com/t/fdk-v7-0-announcing-node-js-v12-and-es6-support/3606 to know more"},"latest":{"version":"9.0.2","command":"npm install https://cdn.freshdev.io/fdk/latest.tgz -g","message":"You are on the latest FDK version. For information on the features available as part of this FDK version, see https://developers.freshdesk.com/v2/docs/what's-new/ ."}},"addon":{"version":"1.13.4","url":"https://cdn.freshdev.io/assets/fdk/addons/addon.zip"}},"last_updated":{"time_stamp":1689671388203}}[0m
2023-07-18 16:11:34.191 +0700 [debug] ([34mfile.js[0m) [31mError while requiring D:\TrueBPM\Freshworks\Freskdesk\EndUser/.report.json: Cannot find module 'D:\TrueBPM\Freshworks\Freskdesk\EndUser/.report.json'
Require stack:
- C:\Users\Admin\AppData\Roaming\nvm\v18.16.1\node_modules\fdk\lib\utils\file.js
- C:\Users\Admin\AppData\Roaming\nvm\v18.16.1\node_modules\fdk\lib\configs.js
- C:\Users\Admin\AppData\Roaming\nvm\v18.16.1\node_modules\fdk\lib\logger.js
- C:\Users\Admin\AppData\Roaming\nvm\v18.16.1\node_modules\fdk\index.js[0m
2023-07-18 16:11:44.909 +0700 [debug] ([34mdata.js[0m) [31mRead {"version_details":{"cli":{"deprecated":{"version":"<9","message":"This FDK version will be deprecated by September 30, 2023 There will be no further feature updates to this version. For a seamless app building experience, ensure to move to the latest FDK version. For more information, see https://developers.freshdesk.com/v2/docs/migration-overview/#latest_platform_version_migration."},"forced":{"version":"7.0.0","command":"npm install https://dl.freshdev.io/cli/fdk-7.0.0.tgz -g","message":"Your FDK version has been forced updated to v7.0.0, please visit https://community.developers.freshworks.com/t/fdk-v7-0-announcing-node-js-v12-and-es6-support/3606 to know more"},"latest":{"version":"9.0.2","command":"npm install https://cdn.freshdev.io/fdk/latest.tgz -g","message":"You are on the latest FDK version. For information on the features available as part of this FDK version, see https://developers.freshdesk.com/v2/docs/what's-new/ ."}},"addon":{"version":"1.13.4","url":"https://cdn.freshdev.io/assets/fdk/addons/addon.zip"}},"last_updated":{"time_stamp":1689671388203}}[0m
2023-07-18 16:11:52.805 +0700 [debug] ([34mvalidate.js[0m) [31masked to skip the following validations, [0m
2023-07-18 16:11:52.806 +0700 [debug] ([34mvalidate.js[0m) [31mrunning validator actions[0m
2023-07-18 16:11:52.806 +0700 [debug] ([34mvalidate.js[0m) [31mrunning validator requests[0m
2023-07-18 16:11:52.806 +0700 [debug] ([34mvalidate.js[0m) [31mrunning validator app-dir[0m
2023-07-18 16:11:52.807 +0700 [debug] ([34mvalidate.js[0m) [31mrunning validator config-dir[0m
2023-07-18 16:11:52.807 +0700 [debug] ([34mconfig-dir.js[0m) [31mChecking to see if D:\TrueBPM\Freshworks\Freskdesk\EndUser/config/ exists.[0m
2023-07-18 16:11:52.807 +0700 [debug] ([34mconfig-dir.js[0m) [31mFetched the following config files iparams.json[0m
2023-07-18 16:11:52.807 +0700 [debug] ([34mvalidate.js[0m) [31mrunning validator custom-objects[0m
2023-07-18 16:11:52.807 +0700 [debug] ([34mvalidate.js[0m) [31mrunning validator event[0m
2023-07-18 16:11:52.808 +0700 [debug] ([34mvalidate.js[0m) [31mrunning validator iparam[0m
2023-07-18 16:11:52.810 +0700 [debug] ([34mvalidate.js[0m) [31mrunning validator lint[0m
2023-07-18 16:11:52.810 +0700 [debug] ([34mlint.js[0m) [31mpassed fix flag: undefined[0m
2023-07-18 16:11:52.812 +0700 [debug] ([34mlint.js[0m) [31mRunning the following lints on the file visitor-app\scripts\app.js : no-caller,no-process-env,complexity,max-nested-callbacks,handle-callback-err,no-eval,no-alert,no-debugger,no-unreachable,no-unhandled-promise,no-logging-rejections,no-non-client-request-model,no-deprecated-apis,no-proxy-requests,no-dependency-mismatch,no-empty-function,no-unused-vars[0m
2023-07-18 16:11:53.016 +0700 [debug] ([34mvalidate.js[0m) [31mrunning validator manifest[0m
2023-07-18 16:11:53.016 +0700 [debug] ([34mvalidate.js[0m) [31mskipping validator manifest-dependency[0m
2023-07-18 16:11:53.016 +0700 [debug] ([34mvalidate.js[0m) [31mrunning validator oauth[0m
2023-07-18 16:11:53.016 +0700 [debug] ([34mvalidate.js[0m) [31mskipping validator pkgsize[0m
2023-07-18 16:11:53.016 +0700 [debug] ([34mvalidate.js[0m) [31mrunning validator schema[0m
2023-07-18 16:11:53.016 +0700 [debug] ([34mvalidate.js[0m) [31mrunning validator version-check[0m
2023-07-18 16:11:53.021 +0700 [debug] ([34mwatcher.js[0m) [31mPreparing to watch the following files ./visitor-app,./config,./manifest.json[0m
2023-07-18 16:11:53.026 +0700 [debug] ([34mdata.js[0m) [31mRead {}[0m
2023-07-18 16:11:53.026 +0700 [debug] ([34mcustom-objects.js[0m) [31mto force or not? undefined[0m
2023-07-18 16:11:53.026 +0700 [debug] ([34mcustom-objects.js[0m) [31mbeginning to re-sync db[0m
2023-07-18 16:11:53.291 +0700 [debug] ([34mindex.js[0m) [31mloading model at "C:\Users\Admin\AppData\Roaming\nvm\v18.16.1\node_modules\fdk\lib\models\bigint-pivot.js"[0m
2023-07-18 16:11:53.317 +0700 [debug] ([34mindex.js[0m) [31mloading model at "C:\Users\Admin\AppData\Roaming\nvm\v18.16.1\node_modules\fdk\lib\models\entity-field-choice.js"[0m
2023-07-18 16:11:53.328 +0700 [debug] ([34mindex.js[0m) [31mloading model at "C:\Users\Admin\AppData\Roaming\nvm\v18.16.1\node_modules\fdk\lib\models\entity-field.js"[0m
2023-07-18 16:11:53.340 +0700 [debug] ([34mindex.js[0m) [31mloading model at "C:\Users\Admin\AppData\Roaming\nvm\v18.16.1\node_modules\fdk\lib\models\entity.js"[0m
2023-07-18 16:11:53.353 +0700 [debug] ([34mindex.js[0m) [31mloading model at "C:\Users\Admin\AppData\Roaming\nvm\v18.16.1\node_modules\fdk\lib\models\record.js"[0m
2023-07-18 16:11:53.366 +0700 [debug] ([34mindex.js[0m) [31mloading model at "C:\Users\Admin\AppData\Roaming\nvm\v18.16.1\node_modules\fdk\lib\models\string-pivot.js"[0m
2023-07-18 16:11:53.392 +0700 [debug] ([34mdata.js[0m) [31mRead {}[0m
2023-07-18 16:11:53.393 +0700 [debug] ([34mcustom-objects.js[0m) [31mupdated local store with latest entity hash[0m
2023-07-18 16:11:53.393 +0700 [info] Starting local testing server at http://*:10001/    
Append 'dev=true' to your Freshdesk account URL to start testing    
e.g. https://domain.freshdesk.com/a/tickets/1?dev=true    
Quit the server with Control-C.
2023-07-18 16:15:27.600 +0700 [debug] ([34mdata.js[0m) [31mRead {}[0m
2023-07-18 16:15:27.602 +0700 [debug] ([34mdata.js[0m) [31mRead {}[0m
2023-07-18 16:15:27.602 +0700 [debug] ([34miframe.js[0m) [31mResponding to product with {"configs":{},"displayName":"EndUser","product":{"freshdesk":{"location":{"portal_tickets_new_sidebar":{"url":"visitor/index.html","icon":"visitor/styles/images/icon.svg"}}}},"features":["db"],"actions":false,"omni":false,"products":["freshdesk"],"platform":"2.3","isInstall":false,"v2":[{"id":1,"version_id":1,"configs":{},"displayName":"EndUser","placeholders":{"portal_tickets_new_sidebar":{"url":"http://localhost:10001/iframe/index.html","icon":"styles/images/icon.svg"}}}]}[0m
2023-07-18 16:15:27.996 +0700 [debug] ([34miframe.js[0m) [31mResponding with contents of /index.html[0m
2023-07-18 16:15:28.082 +0700 [debug] ([34miframe.js[0m) [31mResponding with contents of /scripts/app.js[0m
2023-07-18 16:15:28.082 +0700 [debug] ([34mcoverage.js[0m) [31mInstrumenting D:\TrueBPM\Freshworks\Freskdesk\EndUser\visitor-app\scripts\app.js[0m
2023-07-18 16:15:28.156 +0700 [debug] ([34miframe.js[0m) [31mResponding with contents of /scripts/app.js[0m
2023-07-18 16:15:28.157 +0700 [debug] ([34mcoverage.js[0m) [31mInstrumenting D:\TrueBPM\Freshworks\Freskdesk\EndUser\visitor-app\scripts\app.js[0m
2023-07-18 16:15:31.312 +0700 [debug] ([34mcoverage.js[0m) [31mWriting coverage.[0m
2023-07-18 16:17:48.374 +0700 [debug] ([34mwatcher.js[0m) [31mBroadcasted "{"file":"visitor-app\\scripts\\app.js"}" to all listeners.[0m
2023-07-18 16:17:48.391 +0700 [debug] ([34miframe.js[0m) [31mResponding with contents of /index.html[0m
2023-07-18 16:17:48.441 +0700 [debug] ([34miframe.js[0m) [31mResponding with contents of /scripts/app.js[0m
2023-07-18 16:17:48.455 +0700 [debug] ([34mcoverage.js[0m) [31mInstrumenting D:\TrueBPM\Freshworks\Freskdesk\EndUser\visitor-app\scripts\app.js[0m
2023-07-18 16:17:51.168 +0700 [debug] ([34mcoverage.js[0m) [31mWriting coverage.[0m
2023-07-18 16:18:05.849 +0700 [debug] ([34mwatcher.js[0m) [31mBroadcasted "{"file":"visitor-app\\index.html"}" to all listeners.[0m
2023-07-18 16:18:05.860 +0700 [debug] ([34miframe.js[0m) [31mResponding with contents of /index.html[0m
2023-07-18 16:18:05.911 +0700 [debug] ([34miframe.js[0m) [31mResponding with contents of /scripts/app.js[0m
2023-07-18 16:18:05.911 +0700 [debug] ([34mcoverage.js[0m) [31mInstrumenting D:\TrueBPM\Freshworks\Freskdesk\EndUser\visitor-app\scripts\app.js[0m
2023-07-18 16:18:05.948 +0700 [debug] ([34miframe.js[0m) [31mResponding with contents of /scripts/app.js[0m
2023-07-18 16:18:05.949 +0700 [debug] ([34mcoverage.js[0m) [31mInstrumenting D:\TrueBPM\Freshworks\Freskdesk\EndUser\visitor-app\scripts\app.js[0m
2023-07-18 16:18:07.955 +0700 [debug] ([34mcoverage.js[0m) [31mWriting coverage.[0m
2023-07-18 16:18:15.386 +0700 [debug] ([34mwatcher.js[0m) [31mBroadcasted "{"file":"visitor-app\\index.html"}" to all listeners.[0m
2023-07-18 16:18:15.397 +0700 [debug] ([34miframe.js[0m) [31mResponding with contents of /index.html[0m
2023-07-18 16:18:15.469 +0700 [debug] ([34miframe.js[0m) [31mResponding with contents of /scripts/app.js[0m
2023-07-18 16:18:15.470 +0700 [debug] ([34mcoverage.js[0m) [31mInstrumenting D:\TrueBPM\Freshworks\Freskdesk\EndUser\visitor-app\scripts\app.js[0m
2023-07-18 16:18:15.497 +0700 [debug] ([34miframe.js[0m) [31mResponding with contents of /scripts/app.js[0m
2023-07-18 16:18:15.498 +0700 [debug] ([34mcoverage.js[0m) [31mInstrumenting D:\TrueBPM\Freshworks\Freskdesk\EndUser\visitor-app\scripts\app.js[0m
2023-07-18 16:18:17.498 +0700 [debug] ([34mcoverage.js[0m) [31mWriting coverage.[0m
2023-07-18 16:18:41.539 +0700 [debug] ([34mdata.js[0m) [31mRead {}[0m
2023-07-18 16:18:41.540 +0700 [debug] ([34mdata.js[0m) [31mRead {}[0m
2023-07-18 16:18:41.541 +0700 [debug] ([34miframe.js[0m) [31mResponding to product with {"configs":{},"displayName":"EndUser","product":{"freshdesk":{"location":{"portal_tickets_new_sidebar":{"url":"visitor/index.html","icon":"visitor/styles/images/icon.svg"}}}},"features":["db"],"actions":false,"omni":false,"products":["freshdesk"],"platform":"2.3","isInstall":false,"v2":[{"id":1,"version_id":1,"configs":{},"displayName":"EndUser","placeholders":{"portal_tickets_new_sidebar":{"url":"http://localhost:10001/iframe/index.html","icon":"styles/images/icon.svg"}}}]}[0m
2023-07-18 16:18:42.311 +0700 [debug] ([34miframe.js[0m) [31mResponding with contents of /index.html[0m
2023-07-18 16:18:42.464 +0700 [debug] ([34miframe.js[0m) [31mResponding with contents of /scripts/app.js[0m
2023-07-18 16:18:42.465 +0700 [debug] ([34mcoverage.js[0m) [31mInstrumenting D:\TrueBPM\Freshworks\Freskdesk\EndUser\visitor-app\scripts\app.js[0m
2023-07-18 16:18:42.890 +0700 [debug] ([34miframe.js[0m) [31mResponding with contents of /scripts/app.js[0m
2023-07-18 16:18:42.890 +0700 [debug] ([34mcoverage.js[0m) [31mInstrumenting D:\TrueBPM\Freshworks\Freskdesk\EndUser\visitor-app\scripts\app.js[0m
2023-07-18 16:18:44.525 +0700 [debug] ([34mcoverage.js[0m) [31mWriting coverage.[0m
2023-07-18 16:18:46.519 +0700 [debug] ([34mcoverage.js[0m) [31mWriting coverage.[0m
2023-07-18 16:18:48.518 +0700 [debug] ([34mcoverage.js[0m) [31mWriting coverage.[0m
2023-07-18 16:18:54.517 +0700 [debug] ([34mcoverage.js[0m) [31mWriting coverage.[0m
2023-07-18 16:19:08.780 +0700 [debug] ([34mwatcher.js[0m) [31mBroadcasted "{"file":"visitor-app\\index.html"}" to all listeners.[0m
2023-07-18 16:19:08.807 +0700 [debug] ([34miframe.js[0m) [31mResponding with contents of /index.html[0m
2023-07-18 16:19:08.888 +0700 [debug] ([34miframe.js[0m) [31mResponding with contents of /scripts/app.js[0m
2023-07-18 16:19:08.888 +0700 [debug] ([34mcoverage.js[0m) [31mInstrumenting D:\TrueBPM\Freshworks\Freskdesk\EndUser\visitor-app\scripts\app.js[0m
2023-07-18 16:19:08.909 +0700 [debug] ([34miframe.js[0m) [31mResponding with contents of /scripts/app.js[0m
2023-07-18 16:19:08.910 +0700 [debug] ([34mcoverage.js[0m) [31mInstrumenting D:\TrueBPM\Freshworks\Freskdesk\EndUser\visitor-app\scripts\app.js[0m
2023-07-18 16:19:10.912 +0700 [debug] ([34mcoverage.js[0m) [31mWriting coverage.[0m
2023-07-18 16:19:29.548 +0700 [debug] ([34mdata.js[0m) [31mRead {}[0m
2023-07-18 16:19:29.549 +0700 [debug] ([34mdata.js[0m) [31mRead {}[0m
2023-07-18 16:19:29.549 +0700 [debug] ([34miframe.js[0m) [31mResponding to product with {"configs":{},"displayName":"EndUser","product":{"freshdesk":{"location":{"portal_tickets_new_sidebar":{"url":"visitor/index.html","icon":"visitor/styles/images/icon.svg"}}}},"features":["db"],"actions":false,"omni":false,"products":["freshdesk"],"platform":"2.3","isInstall":false,"v2":[{"id":1,"version_id":1,"configs":{},"displayName":"EndUser","placeholders":{"portal_tickets_new_sidebar":{"url":"http://localhost:10001/iframe/index.html","icon":"styles/images/icon.svg"}}}]}[0m
2023-07-18 16:19:30.146 +0700 [debug] ([34miframe.js[0m) [31mResponding with contents of /index.html[0m
2023-07-18 16:19:30.233 +0700 [debug] ([34miframe.js[0m) [31mResponding with contents of /scripts/app.js[0m
2023-07-18 16:19:30.234 +0700 [debug] ([34mcoverage.js[0m) [31mInstrumenting D:\TrueBPM\Freshworks\Freskdesk\EndUser\visitor-app\scripts\app.js[0m
2023-07-18 16:19:30.349 +0700 [debug] ([34miframe.js[0m) [31mResponding with contents of /scripts/app.js[0m
2023-07-18 16:19:30.349 +0700 [debug] ([34mcoverage.js[0m) [31mInstrumenting D:\TrueBPM\Freshworks\Freskdesk\EndUser\visitor-app\scripts\app.js[0m
2023-07-18 16:19:32.260 +0700 [debug] ([34mcoverage.js[0m) [31mWriting coverage.[0m
2023-07-18 16:19:34.258 +0700 [debug] ([34mcoverage.js[0m) [31mWriting coverage.[0m
2023-07-18 16:19:36.270 +0700 [debug] ([34mcoverage.js[0m) [31mWriting coverage.[0m
2023-07-18 16:19:38.273 +0700 [debug] ([34mcoverage.js[0m) [31mWriting coverage.[0m
2023-07-18 16:19:40.260 +0700 [debug] ([34mcoverage.js[0m) [31mWriting coverage.[0m
2023-07-18 16:19:46.266 +0700 [debug] ([34mcoverage.js[0m) [31mWriting coverage.[0m
2023-07-18 16:19:48.264 +0700 [debug] ([34mcoverage.js[0m) [31mWriting coverage.[0m
2023-07-18 16:19:52.261 +0700 [debug] ([34mcoverage.js[0m) [31mWriting coverage.[0m
2023-07-18 16:21:26.271 +0700 [debug] ([34mcoverage.js[0m) [31mWriting coverage.[0m
2023-07-18 16:21:28.270 +0700 [debug] ([34mcoverage.js[0m) [31mWriting coverage.[0m
2023-07-18 16:24:04.123 +0700 [debug] ([34mdata.js[0m) [31mRead {}[0m
2023-07-18 16:24:04.124 +0700 [debug] ([34mdata.js[0m) [31mRead {}[0m
2023-07-18 16:24:04.124 +0700 [debug] ([34miframe.js[0m) [31mResponding to product with {"configs":{},"displayName":"EndUser","product":{"freshdesk":{"location":{"portal_tickets_new_sidebar":{"url":"visitor/index.html","icon":"visitor/styles/images/icon.svg"}}}},"features":["db"],"actions":false,"omni":false,"products":["freshdesk"],"platform":"2.3","isInstall":false,"v2":[{"id":1,"version_id":1,"configs":{},"displayName":"EndUser","placeholders":{"portal_tickets_new_sidebar":{"url":"http://localhost:10001/iframe/index.html","icon":"styles/images/icon.svg"}}}]}[0m
2023-07-18 16:24:04.882 +0700 [debug] ([34miframe.js[0m) [31mResponding with contents of /index.html[0m
2023-07-18 16:24:04.971 +0700 [debug] ([34miframe.js[0m) [31mResponding with contents of /scripts/app.js[0m
2023-07-18 16:24:04.971 +0700 [debug] ([34mcoverage.js[0m) [31mInstrumenting D:\TrueBPM\Freshworks\Freskdesk\EndUser\visitor-app\scripts\app.js[0m
2023-07-18 16:24:05.055 +0700 [debug] ([34miframe.js[0m) [31mResponding with contents of /scripts/app.js[0m
2023-07-18 16:24:05.056 +0700 [debug] ([34mcoverage.js[0m) [31mInstrumenting D:\TrueBPM\Freshworks\Freskdesk\EndUser\visitor-app\scripts\app.js[0m
2023-07-18 16:24:07.173 +0700 [debug] ([34mcoverage.js[0m) [31mWriting coverage.[0m
2023-07-18 16:24:21.869 +0700 [debug] ([34mdata.js[0m) [31mRead {}[0m
2023-07-18 16:24:21.870 +0700 [debug] ([34mdata.js[0m) [31mRead {}[0m
2023-07-18 16:24:21.870 +0700 [debug] ([34miframe.js[0m) [31mResponding to product with {"configs":{},"displayName":"EndUser","product":{"freshdesk":{"location":{"portal_tickets_new_sidebar":{"url":"visitor/index.html","icon":"visitor/styles/images/icon.svg"}}}},"features":["db"],"actions":false,"omni":false,"products":["freshdesk"],"platform":"2.3","isInstall":false,"v2":[{"id":1,"version_id":1,"configs":{},"displayName":"EndUser","placeholders":{"portal_tickets_new_sidebar":{"url":"http://localhost:10001/iframe/index.html","icon":"styles/images/icon.svg"}}}]}[0m
2023-07-18 16:24:22.185 +0700 [debug] ([34miframe.js[0m) [31mResponding with contents of /index.html[0m
2023-07-18 16:24:22.235 +0700 [debug] ([34miframe.js[0m) [31mResponding with contents of /scripts/app.js[0m
2023-07-18 16:24:22.236 +0700 [debug] ([34mcoverage.js[0m) [31mInstrumenting D:\TrueBPM\Freshworks\Freskdesk\EndUser\visitor-app\scripts\app.js[0m
2023-07-18 16:24:22.256 +0700 [debug] ([34miframe.js[0m) [31mResponding with contents of /scripts/app.js[0m
2023-07-18 16:24:22.257 +0700 [debug] ([34mcoverage.js[0m) [31mInstrumenting D:\TrueBPM\Freshworks\Freskdesk\EndUser\visitor-app\scripts\app.js[0m
2023-07-18 16:24:25.168 +0700 [debug] ([34mcoverage.js[0m) [31mWriting coverage.[0m
2023-07-18 19:25:50.093 +0700 [debug] ([34mcoverage.js[0m) [31mWriting coverage.[0m
2023-07-18 19:25:52.076 +0700 [debug] ([34mcoverage.js[0m) [31mWriting coverage.[0m
2023-07-18 19:32:22.748 +0700 [debug] ([34mdata.js[0m) [31mRead {}[0m
2023-07-18 19:32:22.753 +0700 [debug] ([34mdata.js[0m) [31mRead {}[0m
2023-07-18 19:32:22.753 +0700 [debug] ([34miframe.js[0m) [31mResponding to product with {"configs":{},"displayName":"EndUser","product":{"freshdesk":{"location":{"portal_tickets_new_sidebar":{"url":"visitor/index.html","icon":"visitor/styles/images/icon.svg"}}}},"features":["db"],"actions":false,"omni":false,"products":["freshdesk"],"platform":"2.3","isInstall":false,"v2":[{"id":1,"version_id":1,"configs":{},"displayName":"EndUser","placeholders":{"portal_tickets_new_sidebar":{"url":"http://localhost:10001/iframe/index.html","icon":"styles/images/icon.svg"}}}]}[0m
2023-07-18 19:32:24.384 +0700 [debug] ([34miframe.js[0m) [31mResponding with contents of /index.html[0m
2023-07-18 19:32:24.502 +0700 [debug] ([34miframe.js[0m) [31mResponding with contents of /scripts/app.js[0m
2023-07-18 19:32:24.503 +0700 [debug] ([34mcoverage.js[0m) [31mInstrumenting D:\TrueBPM\Freshworks\Freskdesk\EndUser\visitor-app\scripts\app.js[0m
2023-07-18 19:32:25.195 +0700 [debug] ([34miframe.js[0m) [31mResponding with contents of /scripts/app.js[0m
2023-07-18 19:32:25.196 +0700 [debug] ([34mcoverage.js[0m) [31mInstrumenting D:\TrueBPM\Freshworks\Freskdesk\EndUser\visitor-app\scripts\app.js[0m
2023-07-18 19:32:27.005 +0700 [debug] ([34mcoverage.js[0m) [31mWriting coverage.[0m
2023-07-18 19:32:32.572 +0700 [debug] ([34mcoverage.js[0m) [31mWriting coverage.[0m
2023-07-18 19:32:34.565 +0700 [debug] ([34mcoverage.js[0m) [31mWriting coverage.[0m
2023-07-18 20:00:08.568 +0700 [debug] ([34mcoverage.js[0m) [31mWriting coverage.[0m
2023-07-18 20:00:16.555 +0700 [debug] ([34mcoverage.js[0m) [31mWriting coverage.[0m
2023-07-18 20:00:24.568 +0700 [debug] ([34mcoverage.js[0m) [31mWriting coverage.[0m
2023-07-18 20:00:26.557 +0700 [debug] ([34mcoverage.js[0m) [31mWriting coverage.[0m
2023-07-18 20:00:28.557 +0700 [debug] ([34mcoverage.js[0m) [31mWriting coverage.[0m
2023-07-18 20:05:02.558 +0700 [debug] ([34mcoverage.js[0m) [31mWriting coverage.[0m
2023-07-18 20:05:04.558 +0700 [debug] ([34mcoverage.js[0m) [31mWriting coverage.[0m
2023-07-18 20:06:24.956 +0700 [debug] ([34mdata.js[0m) [31mRead {}[0m
2023-07-18 20:06:24.958 +0700 [debug] ([34mdata.js[0m) [31mRead {}[0m
2023-07-18 20:06:24.958 +0700 [debug] ([34miframe.js[0m) [31mResponding to product with {"configs":{},"displayName":"EndUser","product":{"freshdesk":{"location":{"portal_tickets_new_sidebar":{"url":"visitor/index.html","icon":"visitor/styles/images/icon.svg"}}}},"features":["db"],"actions":false,"omni":false,"products":["freshdesk"],"platform":"2.3","isInstall":false,"v2":[{"id":1,"version_id":1,"configs":{},"displayName":"EndUser","placeholders":{"portal_tickets_new_sidebar":{"url":"http://localhost:10001/iframe/index.html","icon":"styles/images/icon.svg"}}}]}[0m
2023-07-18 20:06:25.653 +0700 [debug] ([34miframe.js[0m) [31mResponding with contents of /index.html[0m
2023-07-18 20:06:25.678 +0700 [debug] ([34miframe.js[0m) [31mResponding with contents of /scripts/app.js[0m
2023-07-18 20:06:25.679 +0700 [debug] ([34mcoverage.js[0m) [31mInstrumenting D:\TrueBPM\Freshworks\Freskdesk\EndUser\visitor-app\scripts\app.js[0m
2023-07-18 20:06:27.956 +0700 [debug] ([34mcoverage.js[0m) [31mWriting coverage.[0m
2023-07-18 20:08:04.144 +0700 [debug] ([34mmanifest.js[0m) [31mReloading manifest with {"platform-version":"2.3","product":{"freshdesk":{"location":{"portal_tickets_new_sidebar":{"url":"index.html","icon":"styles/images/icon.svg"},"portal_tickets_details_sidebar":{"url":"index.html","icon":"styles/images/icon.svg"}}}},"engines":{"node":"18.16.1","fdk":"9.0.2"}}.[0m
2023-07-18 20:08:04.145 +0700 [debug] ([34mmanifest.js[0m) [31mInferred db as features.[0m
2023-07-18 20:08:04.146 +0700 [debug] ([34mwatcher.js[0m) [31mBroadcasted "{"file":"manifest.json"}" to all listeners.[0m
2023-07-18 20:08:04.172 +0700 [debug] ([34miframe.js[0m) [31mResponding with contents of /index.html[0m
2023-07-18 20:08:04.267 +0700 [debug] ([34miframe.js[0m) [31mResponding with contents of /scripts/app.js[0m
2023-07-18 20:08:04.269 +0700 [debug] ([34mcoverage.js[0m) [31mInstrumenting D:\TrueBPM\Freshworks\Freskdesk\EndUser\visitor-app\scripts\app.js[0m
2023-07-18 20:08:06.994 +0700 [debug] ([34mcoverage.js[0m) [31mWriting coverage.[0m
2023-07-18 20:08:38.202 +0700 [debug] ([34mdata.js[0m) [31mRead {}[0m
2023-07-18 20:08:38.204 +0700 [debug] ([34mdata.js[0m) [31mRead {}[0m
2023-07-18 20:08:38.205 +0700 [debug] ([34miframe.js[0m) [31mResponding to product with {"configs":{},"displayName":"EndUser","product":{"freshdesk":{"location":{"portal_tickets_new_sidebar":{"url":"visitor/index.html","icon":"visitor/styles/images/icon.svg"},"portal_tickets_details_sidebar":{"url":"visitor/index.html","icon":"visitor/styles/images/icon.svg"}}}},"features":["db"],"actions":false,"omni":false,"products":["freshdesk"],"platform":"2.3","isInstall":false,"v2":[{"id":1,"version_id":1,"configs":{},"displayName":"EndUser","placeholders":{"portal_tickets_new_sidebar":{"url":"http://localhost:10001/iframe/index.html","icon":"styles/images/icon.svg"},"portal_tickets_details_sidebar":{"url":"http://localhost:10001/iframe/index.html","icon":"styles/images/icon.svg"}}}]}[0m
2023-07-18 20:08:38.956 +0700 [debug] ([34miframe.js[0m) [31mResponding with contents of /index.html[0m
2023-07-18 20:08:39.014 +0700 [debug] ([34miframe.js[0m) [31mResponding with contents of /scripts/app.js[0m
2023-07-18 20:08:39.015 +0700 [debug] ([34mcoverage.js[0m) [31mInstrumenting D:\TrueBPM\Freshworks\Freskdesk\EndUser\visitor-app\scripts\app.js[0m
2023-07-18 20:08:42.002 +0700 [debug] ([34mcoverage.js[0m) [31mWriting coverage.[0m
2023-07-18 20:08:56.118 +0700 [info] 
NOTE: We recommend a coverage of 80% for apps that are to be published in the public marketplace.
2023-07-18 20:09:00.194 +0700 [debug] ([34mconfigs.js[0m) [31mloaded default configs as "{"updates":{"manifest_url":"https://cdn.freshdev.io/assets/fdk/updates.json","period":24},"log":{"level":"info"},"javascript":{"ecma_version":2020},"request":{"timeout":5000}}"[0m
2023-07-18 20:09:00.201 +0700 [debug] ([34mfile.js[0m) [31mError while requiring C:\Users\Admin/.fdk/configs.json: Cannot find module 'C:\Users\Admin/.fdk/configs.json'
Require stack:
- C:\Users\Admin\AppData\Roaming\nvm\v18.16.1\node_modules\fdk\lib\utils\file.js
- C:\Users\Admin\AppData\Roaming\nvm\v18.16.1\node_modules\fdk\lib\configs.js
- C:\Users\Admin\AppData\Roaming\nvm\v18.16.1\node_modules\fdk\lib\logger.js
- C:\Users\Admin\AppData\Roaming\nvm\v18.16.1\node_modules\fdk\index.js[0m
2023-07-18 20:09:00.202 +0700 [debug] ([34mconfigs.js[0m) [31mloaded global configs as "{}"[0m
2023-07-18 20:09:00.203 +0700 [debug] ([34mfile.js[0m) [31mError while requiring D:\TrueBPM\Freshworks\Freskdesk\EndUser/.fdk/configs.json: Cannot find module 'D:\TrueBPM\Freshworks\Freskdesk\EndUser/.fdk/configs.json'
Require stack:
- C:\Users\Admin\AppData\Roaming\nvm\v18.16.1\node_modules\fdk\lib\utils\file.js
- C:\Users\Admin\AppData\Roaming\nvm\v18.16.1\node_modules\fdk\lib\configs.js
- C:\Users\Admin\AppData\Roaming\nvm\v18.16.1\node_modules\fdk\lib\logger.js
- C:\Users\Admin\AppData\Roaming\nvm\v18.16.1\node_modules\fdk\index.js[0m
2023-07-18 20:09:00.203 +0700 [debug] ([34mconfigs.js[0m) [31mloaded local configs as "{}"[0m
2023-07-18 20:09:00.204 +0700 [debug] ([34mconfigs.js[0m) [31mloaded env configs as "{"updates":{},"log":{},"javascript":{},"request":{"timeout":5000}}"[0m
2023-07-18 20:09:00.204 +0700 [debug] ([34mconfigs.js[0m) [31mloaded resolved configs as "{"updates":{"manifest_url":"https://cdn.freshdev.io/assets/fdk/updates.json","period":24},"log":{"level":"info"},"javascript":{"ecma_version":2020},"request":{"timeout":5000}}"[0m
2023-07-18 20:09:00.204 +0700 [debug] ([34mlogger.js[0m) [31mStarting FDK in node v18.16.1 on win32[0m
2023-07-18 20:09:00.204 +0700 [debug] ([34msequelize.js[0m) [31msetting up sqilite at "D:\TrueBPM\Freshworks\Freskdesk\EndUser/.fdk/store.sqlite"[0m
2023-07-18 20:09:00.205 +0700 [debug] ([34mdata.js[0m) [31mRead {"version_details":{"cli":{"deprecated":{"version":"<9","message":"This FDK version will be deprecated by September 30, 2023 There will be no further feature updates to this version. For a seamless app building experience, ensure to move to the latest FDK version. For more information, see https://developers.freshdesk.com/v2/docs/migration-overview/#latest_platform_version_migration."},"forced":{"version":"7.0.0","command":"npm install https://dl.freshdev.io/cli/fdk-7.0.0.tgz -g","message":"Your FDK version has been forced updated to v7.0.0, please visit https://community.developers.freshworks.com/t/fdk-v7-0-announcing-node-js-v12-and-es6-support/3606 to know more"},"latest":{"version":"9.0.2","command":"npm install https://cdn.freshdev.io/fdk/latest.tgz -g","message":"You are on the latest FDK version. For information on the features available as part of this FDK version, see https://developers.freshdesk.com/v2/docs/what's-new/ ."}},"addon":{"version":"1.13.4","url":"https://cdn.freshdev.io/assets/fdk/addons/addon.zip"}},"last_updated":{"time_stamp":1689671388203}}[0m
2023-07-18 20:09:00.206 +0700 [debug] ([34mupdater.js[0m) [31mlast check less than 24 hours ago, not looking for updates[0m
2023-07-18 20:09:00.214 +0700 [debug] ([34mindex.js[0m) [31mrunning with opts {}[0m
2023-07-18 20:09:00.793 +0700 [debug] ([34mmanifest.js[0m) [31mReloading manifest with {"platform-version":"2.3","product":{"freshdesk":{"location":{"portal_tickets_new_sidebar":{"url":"index.html","icon":"styles/images/icon.svg"},"portal_tickets_details_sidebar":{"url":"index.html","icon":"styles/images/icon.svg"}}}},"engines":{"node":"18.16.1","fdk":"9.0.2"}}.[0m
2023-07-18 20:09:00.793 +0700 [debug] ([34mmanifest.js[0m) [31mInferred db as features.[0m
2023-07-18 20:09:00.797 +0700 [debug] ([34mdata.js[0m) [31mRead {"version_details":{"cli":{"deprecated":{"version":"<9","message":"This FDK version will be deprecated by September 30, 2023 There will be no further feature updates to this version. For a seamless app building experience, ensure to move to the latest FDK version. For more information, see https://developers.freshdesk.com/v2/docs/migration-overview/#latest_platform_version_migration."},"forced":{"version":"7.0.0","command":"npm install https://dl.freshdev.io/cli/fdk-7.0.0.tgz -g","message":"Your FDK version has been forced updated to v7.0.0, please visit https://community.developers.freshworks.com/t/fdk-v7-0-announcing-node-js-v12-and-es6-support/3606 to know more"},"latest":{"version":"9.0.2","command":"npm install https://cdn.freshdev.io/fdk/latest.tgz -g","message":"You are on the latest FDK version. For information on the features available as part of this FDK version, see https://developers.freshdesk.com/v2/docs/what's-new/ ."}},"addon":{"version":"1.13.4","url":"https://cdn.freshdev.io/assets/fdk/addons/addon.zip"}},"last_updated":{"time_stamp":1689671388203}}[0m
2023-07-18 20:09:00.837 +0700 [debug] ([34mdata.js[0m) [31mRead {"version_details":{"cli":{"deprecated":{"version":"<9","message":"This FDK version will be deprecated by September 30, 2023 There will be no further feature updates to this version. For a seamless app building experience, ensure to move to the latest FDK version. For more information, see https://developers.freshdesk.com/v2/docs/migration-overview/#latest_platform_version_migration."},"forced":{"version":"7.0.0","command":"npm install https://dl.freshdev.io/cli/fdk-7.0.0.tgz -g","message":"Your FDK version has been forced updated to v7.0.0, please visit https://community.developers.freshworks.com/t/fdk-v7-0-announcing-node-js-v12-and-es6-support/3606 to know more"},"latest":{"version":"9.0.2","command":"npm install https://cdn.freshdev.io/fdk/latest.tgz -g","message":"You are on the latest FDK version. For information on the features available as part of this FDK version, see https://developers.freshdesk.com/v2/docs/what's-new/ ."}},"addon":{"version":"1.13.4","url":"https://cdn.freshdev.io/assets/fdk/addons/addon.zip"}},"last_updated":{"time_stamp":1689671388203}}[0m
2023-07-18 20:09:03.476 +0700 [debug] ([34mdata.js[0m) [31mRead {"version_details":{"cli":{"deprecated":{"version":"<9","message":"This FDK version will be deprecated by September 30, 2023 There will be no further feature updates to this version. For a seamless app building experience, ensure to move to the latest FDK version. For more information, see https://developers.freshdesk.com/v2/docs/migration-overview/#latest_platform_version_migration."},"forced":{"version":"7.0.0","command":"npm install https://dl.freshdev.io/cli/fdk-7.0.0.tgz -g","message":"Your FDK version has been forced updated to v7.0.0, please visit https://community.developers.freshworks.com/t/fdk-v7-0-announcing-node-js-v12-and-es6-support/3606 to know more"},"latest":{"version":"9.0.2","command":"npm install https://cdn.freshdev.io/fdk/latest.tgz -g","message":"You are on the latest FDK version. For information on the features available as part of this FDK version, see https://developers.freshdesk.com/v2/docs/what's-new/ ."}},"addon":{"version":"1.13.4","url":"https://cdn.freshdev.io/assets/fdk/addons/addon.zip"}},"last_updated":{"time_stamp":1689671388203}}[0m
2023-07-18 20:09:05.801 +0700 [debug] ([34mvalidate.js[0m) [31masked to skip the following validations, [0m
2023-07-18 20:09:05.802 +0700 [debug] ([34mvalidate.js[0m) [31mrunning validator actions[0m
2023-07-18 20:09:05.802 +0700 [debug] ([34mvalidate.js[0m) [31mrunning validator requests[0m
2023-07-18 20:09:05.802 +0700 [debug] ([34mvalidate.js[0m) [31mrunning validator app-dir[0m
2023-07-18 20:09:05.804 +0700 [debug] ([34mvalidate.js[0m) [31mrunning validator config-dir[0m
2023-07-18 20:09:05.804 +0700 [debug] ([34mconfig-dir.js[0m) [31mChecking to see if D:\TrueBPM\Freshworks\Freskdesk\EndUser/config/ exists.[0m
2023-07-18 20:09:05.804 +0700 [debug] ([34mconfig-dir.js[0m) [31mFetched the following config files iparams.json[0m
2023-07-18 20:09:05.804 +0700 [debug] ([34mvalidate.js[0m) [31mrunning validator custom-objects[0m
2023-07-18 20:09:05.804 +0700 [debug] ([34mvalidate.js[0m) [31mrunning validator event[0m
2023-07-18 20:09:05.804 +0700 [debug] ([34mvalidate.js[0m) [31mrunning validator iparam[0m
2023-07-18 20:09:05.808 +0700 [debug] ([34mvalidate.js[0m) [31mrunning validator lint[0m
2023-07-18 20:09:05.808 +0700 [debug] ([34mlint.js[0m) [31mpassed fix flag: undefined[0m
2023-07-18 20:09:05.813 +0700 [debug] ([34mlint.js[0m) [31mRunning the following lints on the file visitor-app\scripts\app.js : no-caller,no-process-env,complexity,max-nested-callbacks,handle-callback-err,no-eval,no-alert,no-debugger,no-unreachable,no-unhandled-promise,no-logging-rejections,no-non-client-request-model,no-deprecated-apis,no-proxy-requests,no-dependency-mismatch,no-empty-function,no-unused-vars[0m
2023-07-18 20:09:05.895 +0700 [debug] ([34mvalidate.js[0m) [31mrunning validator manifest[0m
2023-07-18 20:09:05.896 +0700 [debug] ([34mvalidate.js[0m) [31mskipping validator manifest-dependency[0m
2023-07-18 20:09:05.896 +0700 [debug] ([34mvalidate.js[0m) [31mrunning validator oauth[0m
2023-07-18 20:09:05.896 +0700 [debug] ([34mvalidate.js[0m) [31mskipping validator pkgsize[0m
2023-07-18 20:09:05.896 +0700 [debug] ([34mvalidate.js[0m) [31mrunning validator schema[0m
2023-07-18 20:09:05.896 +0700 [debug] ([34mvalidate.js[0m) [31mrunning validator version-check[0m
2023-07-18 20:09:05.902 +0700 [debug] ([34mwatcher.js[0m) [31mPreparing to watch the following files ./visitor-app,./config,./manifest.json[0m
2023-07-18 20:09:05.908 +0700 [debug] ([34mdata.js[0m) [31mRead {}[0m
2023-07-18 20:09:05.909 +0700 [debug] ([34mcustom-objects.js[0m) [31mto force or not? undefined[0m
2023-07-18 20:09:05.910 +0700 [debug] ([34mcustom-objects.js[0m) [31mbeginning to re-sync db[0m
2023-07-18 20:09:06.209 +0700 [debug] ([34mindex.js[0m) [31mloading model at "C:\Users\Admin\AppData\Roaming\nvm\v18.16.1\node_modules\fdk\lib\models\bigint-pivot.js"[0m
2023-07-18 20:09:06.213 +0700 [debug] ([34mindex.js[0m) [31mloading model at "C:\Users\Admin\AppData\Roaming\nvm\v18.16.1\node_modules\fdk\lib\models\entity-field-choice.js"[0m
2023-07-18 20:09:06.215 +0700 [debug] ([34mindex.js[0m) [31mloading model at "C:\Users\Admin\AppData\Roaming\nvm\v18.16.1\node_modules\fdk\lib\models\entity-field.js"[0m
2023-07-18 20:09:06.218 +0700 [debug] ([34mindex.js[0m) [31mloading model at "C:\Users\Admin\AppData\Roaming\nvm\v18.16.1\node_modules\fdk\lib\models\entity.js"[0m
2023-07-18 20:09:06.220 +0700 [debug] ([34mindex.js[0m) [31mloading model at "C:\Users\Admin\AppData\Roaming\nvm\v18.16.1\node_modules\fdk\lib\models\record.js"[0m
2023-07-18 20:09:06.224 +0700 [debug] ([34mindex.js[0m) [31mloading model at "C:\Users\Admin\AppData\Roaming\nvm\v18.16.1\node_modules\fdk\lib\models\string-pivot.js"[0m
2023-07-18 20:09:06.249 +0700 [debug] ([34mdata.js[0m) [31mRead {}[0m
2023-07-18 20:09:06.250 +0700 [debug] ([34mcustom-objects.js[0m) [31mupdated local store with latest entity hash[0m
2023-07-18 20:09:06.252 +0700 [info] Starting local testing server at http://*:10001/    
Append 'dev=true' to your Freshdesk account URL to start testing    
e.g. https://domain.freshdesk.com/a/tickets/1?dev=true    
Quit the server with Control-C.
2023-07-18 20:09:37.567 +0700 [debug] ([34mdata.js[0m) [31mRead {}[0m
2023-07-18 20:09:37.568 +0700 [debug] ([34mdata.js[0m) [31mRead {}[0m
2023-07-18 20:09:37.569 +0700 [debug] ([34miframe.js[0m) [31mResponding to product with {"configs":{},"displayName":"EndUser","product":{"freshdesk":{"location":{"portal_tickets_new_sidebar":{"url":"visitor/index.html","icon":"visitor/styles/images/icon.svg"},"portal_tickets_details_sidebar":{"url":"visitor/index.html","icon":"visitor/styles/images/icon.svg"}}}},"features":["db"],"actions":false,"omni":false,"products":["freshdesk"],"platform":"2.3","isInstall":false,"v2":[{"id":1,"version_id":1,"configs":{},"displayName":"EndUser","placeholders":{"portal_tickets_new_sidebar":{"url":"http://localhost:10001/iframe/index.html","icon":"styles/images/icon.svg"},"portal_tickets_details_sidebar":{"url":"http://localhost:10001/iframe/index.html","icon":"styles/images/icon.svg"}}}]}[0m
2023-07-18 20:09:38.278 +0700 [debug] ([34miframe.js[0m) [31mResponding with contents of /index.html[0m
2023-07-18 20:09:38.321 +0700 [debug] ([34miframe.js[0m) [31mResponding with contents of /scripts/app.js[0m
2023-07-18 20:09:38.324 +0700 [debug] ([34mcoverage.js[0m) [31mInstrumenting D:\TrueBPM\Freshworks\Freskdesk\EndUser\visitor-app\scripts\app.js[0m
2023-07-18 20:09:41.027 +0700 [debug] ([34mcoverage.js[0m) [31mWriting coverage.[0m
2023-07-18 20:10:23.768 +0700 [debug] ([34mdata.js[0m) [31mRead {}[0m
2023-07-18 20:10:23.770 +0700 [debug] ([34miframe.js[0m) [31mResponding to product with {"configs":{},"displayName":"EndUser","product":{"freshdesk":{"location":{"portal_tickets_new_sidebar":{"url":"visitor/index.html","icon":"visitor/styles/images/icon.svg"},"portal_tickets_details_sidebar":{"url":"visitor/index.html","icon":"visitor/styles/images/icon.svg"}}}},"features":["db"],"actions":false,"omni":false,"products":["freshdesk"],"platform":"2.3","isInstall":false,"v2":[]}[0m
2023-07-18 20:10:24.641 +0700 [debug] ([34mdata.js[0m) [31mRead {}[0m
2023-07-18 20:10:24.642 +0700 [debug] ([34miframe.js[0m) [31mResponding to product with {"configs":{},"displayName":"EndUser","product":{"freshdesk":{"location":{"portal_tickets_new_sidebar":{"url":"visitor/index.html","icon":"visitor/styles/images/icon.svg"},"portal_tickets_details_sidebar":{"url":"visitor/index.html","icon":"visitor/styles/images/icon.svg"}}}},"features":["db"],"actions":false,"omni":false,"products":["freshdesk"],"platform":"2.3","isInstall":false,"v2":[]}[0m
2023-07-18 20:10:24.825 +0700 [debug] ([34mdata.js[0m) [31mRead {}[0m
2023-07-18 20:10:24.826 +0700 [debug] ([34miframe.js[0m) [31mResponding to product with {"configs":{},"displayName":"EndUser","product":{"freshdesk":{"location":{"portal_tickets_new_sidebar":{"url":"visitor/index.html","icon":"visitor/styles/images/icon.svg"},"portal_tickets_details_sidebar":{"url":"visitor/index.html","icon":"visitor/styles/images/icon.svg"}}}},"features":["db"],"actions":false,"omni":false,"products":["freshdesk"],"platform":"2.3","isInstall":false,"v2":[]}[0m
2023-07-18 20:10:25.021 +0700 [debug] ([34mdata.js[0m) [31mRead {}[0m
2023-07-18 20:10:25.022 +0700 [debug] ([34miframe.js[0m) [31mResponding to product with {"configs":{},"displayName":"EndUser","product":{"freshdesk":{"location":{"portal_tickets_new_sidebar":{"url":"visitor/index.html","icon":"visitor/styles/images/icon.svg"},"portal_tickets_details_sidebar":{"url":"visitor/index.html","icon":"visitor/styles/images/icon.svg"}}}},"features":["db"],"actions":false,"omni":false,"products":["freshdesk"],"platform":"2.3","isInstall":false,"v2":[]}[0m
2023-07-18 20:10:25.208 +0700 [debug] ([34mdata.js[0m) [31mRead {}[0m
2023-07-18 20:10:25.209 +0700 [debug] ([34miframe.js[0m) [31mResponding to product with {"configs":{},"displayName":"EndUser","product":{"freshdesk":{"location":{"portal_tickets_new_sidebar":{"url":"visitor/index.html","icon":"visitor/styles/images/icon.svg"},"portal_tickets_details_sidebar":{"url":"visitor/index.html","icon":"visitor/styles/images/icon.svg"}}}},"features":["db"],"actions":false,"omni":false,"products":["freshdesk"],"platform":"2.3","isInstall":false,"v2":[]}[0m
2023-07-18 20:10:25.386 +0700 [debug] ([34mdata.js[0m) [31mRead {}[0m
2023-07-18 20:10:25.387 +0700 [debug] ([34miframe.js[0m) [31mResponding to product with {"configs":{},"displayName":"EndUser","product":{"freshdesk":{"location":{"portal_tickets_new_sidebar":{"url":"visitor/index.html","icon":"visitor/styles/images/icon.svg"},"portal_tickets_details_sidebar":{"url":"visitor/index.html","icon":"visitor/styles/images/icon.svg"}}}},"features":["db"],"actions":false,"omni":false,"products":["freshdesk"],"platform":"2.3","isInstall":false,"v2":[]}[0m
2023-07-18 20:10:25.599 +0700 [debug] ([34mdata.js[0m) [31mRead {}[0m
2023-07-18 20:10:25.601 +0700 [debug] ([34miframe.js[0m) [31mResponding to product with {"configs":{},"displayName":"EndUser","product":{"freshdesk":{"location":{"portal_tickets_new_sidebar":{"url":"visitor/index.html","icon":"visitor/styles/images/icon.svg"},"portal_tickets_details_sidebar":{"url":"visitor/index.html","icon":"visitor/styles/images/icon.svg"}}}},"features":["db"],"actions":false,"omni":false,"products":["freshdesk"],"platform":"2.3","isInstall":false,"v2":[]}[0m
2023-07-18 20:10:25.785 +0700 [debug] ([34mdata.js[0m) [31mRead {}[0m
2023-07-18 20:10:25.786 +0700 [debug] ([34miframe.js[0m) [31mResponding to product with {"configs":{},"displayName":"EndUser","product":{"freshdesk":{"location":{"portal_tickets_new_sidebar":{"url":"visitor/index.html","icon":"visitor/styles/images/icon.svg"},"portal_tickets_details_sidebar":{"url":"visitor/index.html","icon":"visitor/styles/images/icon.svg"}}}},"features":["db"],"actions":false,"omni":false,"products":["freshdesk"],"platform":"2.3","isInstall":false,"v2":[]}[0m
2023-07-18 20:10:27.304 +0700 [debug] ([34mdata.js[0m) [31mRead {}[0m
2023-07-18 20:10:27.305 +0700 [debug] ([34miframe.js[0m) [31mResponding to product with {"configs":{},"displayName":"EndUser","product":{"freshdesk":{"location":{"portal_tickets_new_sidebar":{"url":"visitor/index.html","icon":"visitor/styles/images/icon.svg"},"portal_tickets_details_sidebar":{"url":"visitor/index.html","icon":"visitor/styles/images/icon.svg"}}}},"features":["db"],"actions":false,"omni":false,"products":["freshdesk"],"platform":"2.3","isInstall":false,"v2":[]}[0m
2023-07-18 20:11:44.475 +0700 [debug] ([34mcoverage.js[0m) [31mWriting coverage.[0m
2023-07-18 20:11:50.994 +0700 [debug] ([34mcoverage.js[0m) [31mWriting coverage.[0m
2023-07-18 20:12:13.170 +0700 [debug] ([34mdata.js[0m) [31mRead {}[0m
2023-07-18 20:15:25.099 +0700 [debug] ([34mmanifest.js[0m) [31mReloading manifest with {"platform-version":"2.3","product":{"freshdesk":{"location":{"portal_tickets_details_sidebar":{"url":"index.html","icon":"styles/images/icon.svg"}}}},"engines":{"node":"18.16.1","fdk":"9.0.2"}}.[0m
2023-07-18 20:15:25.100 +0700 [debug] ([34mmanifest.js[0m) [31mInferred db as features.[0m
2023-07-18 20:15:25.101 +0700 [debug] ([34mwatcher.js[0m) [31mBroadcasted "{"file":"manifest.json"}" to all listeners.[0m
2023-07-18 20:15:25.136 +0700 [debug] ([34miframe.js[0m) [31mResponding with contents of /index.html[0m
2023-07-18 20:15:25.169 +0700 [debug] ([34miframe.js[0m) [31mResponding with contents of /scripts/app.js[0m
2023-07-18 20:15:25.170 +0700 [debug] ([34mcoverage.js[0m) [31mInstrumenting D:\TrueBPM\Freshworks\Freskdesk\EndUser\visitor-app\scripts\app.js[0m
2023-07-18 20:15:27.223 +0700 [debug] ([34mcoverage.js[0m) [31mWriting coverage.[0m
2023-07-18 20:15:31.303 +0700 [debug] ([34mdata.js[0m) [31mRead {}[0m
2023-07-18 20:15:31.304 +0700 [debug] ([34mdata.js[0m) [31mRead {}[0m
2023-07-18 20:15:31.304 +0700 [debug] ([34miframe.js[0m) [31mResponding to product with {"configs":{},"displayName":"EndUser","product":{"freshdesk":{"location":{"portal_tickets_details_sidebar":{"url":"visitor/index.html","icon":"visitor/styles/images/icon.svg"}}}},"features":["db"],"actions":false,"omni":false,"products":["freshdesk"],"platform":"2.3","isInstall":false,"v2":[{"id":1,"version_id":1,"configs":{},"displayName":"EndUser","placeholders":{"portal_tickets_details_sidebar":{"url":"http://localhost:10001/iframe/index.html","icon":"styles/images/icon.svg"}}}]}[0m
2023-07-18 20:19:20.804 +0700 [debug] ([34mmanifest.js[0m) [31mReloading manifest with {"platform-version":"2.3","product":{"freshdesk":{"location":{"portal_tickets_details_sidebar":{"url":"index.html","icon":"styles/images/icon.svg"}}}},"engines":{"node":"18.16.1","fdk":"9.0.2"}}.[0m
2023-07-18 20:19:20.804 +0700 [debug] ([34mmanifest.js[0m) [31mInferred db as features.[0m
2023-07-18 20:19:20.804 +0700 [debug] ([34mwatcher.js[0m) [31mBroadcasted "{"file":"manifest.json"}" to all listeners.[0m
2023-07-18 20:20:09.688 +0700 [debug] ([34mdata.js[0m) [31mRead {}[0m
2023-07-18 20:20:09.689 +0700 [debug] ([34miframe.js[0m) [31mResponding to product with {"configs":{},"displayName":"EndUser","product":{"freshdesk":{"location":{"portal_tickets_details_sidebar":{"url":"visitor/index.html","icon":"visitor/styles/images/icon.svg"}}}},"features":["db"],"actions":false,"omni":false,"products":["freshdesk"],"platform":"2.3","isInstall":false,"v2":[]}[0m
2023-07-18 20:20:10.735 +0700 [debug] ([34mdata.js[0m) [31mRead {}[0m
2023-07-18 20:20:10.736 +0700 [debug] ([34miframe.js[0m) [31mResponding to product with {"configs":{},"displayName":"EndUser","product":{"freshdesk":{"location":{"portal_tickets_details_sidebar":{"url":"visitor/index.html","icon":"visitor/styles/images/icon.svg"}}}},"features":["db"],"actions":false,"omni":false,"products":["freshdesk"],"platform":"2.3","isInstall":false,"v2":[]}[0m
2023-07-18 20:20:10.907 +0700 [debug] ([34mdata.js[0m) [31mRead {}[0m
2023-07-18 20:20:10.907 +0700 [debug] ([34miframe.js[0m) [31mResponding to product with {"configs":{},"displayName":"EndUser","product":{"freshdesk":{"location":{"portal_tickets_details_sidebar":{"url":"visitor/index.html","icon":"visitor/styles/images/icon.svg"}}}},"features":["db"],"actions":false,"omni":false,"products":["freshdesk"],"platform":"2.3","isInstall":false,"v2":[]}[0m
2023-07-18 20:20:11.132 +0700 [debug] ([34mdata.js[0m) [31mRead {}[0m
2023-07-18 20:20:11.133 +0700 [debug] ([34miframe.js[0m) [31mResponding to product with {"configs":{},"displayName":"EndUser","product":{"freshdesk":{"location":{"portal_tickets_details_sidebar":{"url":"visitor/index.html","icon":"visitor/styles/images/icon.svg"}}}},"features":["db"],"actions":false,"omni":false,"products":["freshdesk"],"platform":"2.3","isInstall":false,"v2":[]}[0m
2023-07-18 20:20:11.316 +0700 [debug] ([34mdata.js[0m) [31mRead {}[0m
2023-07-18 20:20:11.317 +0700 [debug] ([34miframe.js[0m) [31mResponding to product with {"configs":{},"displayName":"EndUser","product":{"freshdesk":{"location":{"portal_tickets_details_sidebar":{"url":"visitor/index.html","icon":"visitor/styles/images/icon.svg"}}}},"features":["db"],"actions":false,"omni":false,"products":["freshdesk"],"platform":"2.3","isInstall":false,"v2":[]}[0m
2023-07-18 20:20:11.486 +0700 [debug] ([34mdata.js[0m) [31mRead {}[0m
2023-07-18 20:20:11.487 +0700 [debug] ([34miframe.js[0m) [31mResponding to product with {"configs":{},"displayName":"EndUser","product":{"freshdesk":{"location":{"portal_tickets_details_sidebar":{"url":"visitor/index.html","icon":"visitor/styles/images/icon.svg"}}}},"features":["db"],"actions":false,"omni":false,"products":["freshdesk"],"platform":"2.3","isInstall":false,"v2":[]}[0m
2023-07-18 20:20:11.664 +0700 [debug] ([34mdata.js[0m) [31mRead {}[0m
2023-07-18 20:20:11.665 +0700 [debug] ([34miframe.js[0m) [31mResponding to product with {"configs":{},"displayName":"EndUser","product":{"freshdesk":{"location":{"portal_tickets_details_sidebar":{"url":"visitor/index.html","icon":"visitor/styles/images/icon.svg"}}}},"features":["db"],"actions":false,"omni":false,"products":["freshdesk"],"platform":"2.3","isInstall":false,"v2":[]}[0m
2023-07-18 20:20:11.860 +0700 [debug] ([34mdata.js[0m) [31mRead {}[0m
2023-07-18 20:20:11.860 +0700 [debug] ([34miframe.js[0m) [31mResponding to product with {"configs":{},"displayName":"EndUser","product":{"freshdesk":{"location":{"portal_tickets_details_sidebar":{"url":"visitor/index.html","icon":"visitor/styles/images/icon.svg"}}}},"features":["db"],"actions":false,"omni":false,"products":["freshdesk"],"platform":"2.3","isInstall":false,"v2":[]}[0m
2023-07-18 20:20:12.339 +0700 [debug] ([34mdata.js[0m) [31mRead {}[0m
2023-07-18 20:20:12.340 +0700 [debug] ([34miframe.js[0m) [31mResponding to product with {"configs":{},"displayName":"EndUser","product":{"freshdesk":{"location":{"portal_tickets_details_sidebar":{"url":"visitor/index.html","icon":"visitor/styles/images/icon.svg"}}}},"features":["db"],"actions":false,"omni":false,"products":["freshdesk"],"platform":"2.3","isInstall":false,"v2":[]}[0m
2023-07-18 20:23:51.782 +0700 [debug] ([34mmanifest.js[0m) [31mReloading manifest with {"platform-version":"2.3","product":{"freshdesk":{"location":{"portal_tickets_new_sidebar":{"url":"index.html","icon":"styles/images/icon.svg"},"portal_tickets_details_sidebar":{"url":"index.html","icon":"styles/images/icon.svg"}}}},"engines":{"node":"18.16.1","fdk":"9.0.2"}}.[0m
2023-07-18 20:23:51.782 +0700 [debug] ([34mmanifest.js[0m) [31mInferred db as features.[0m
2023-07-18 20:23:51.782 +0700 [debug] ([34mwatcher.js[0m) [31mBroadcasted "{"file":"manifest.json"}" to all listeners.[0m
2023-07-18 20:26:43.296 +0700 [debug] ([34mdata.js[0m) [31mRead {}[0m
2023-07-18 20:31:23.190 +0700 [debug] ([34mmanifest.js[0m) [31mReloading manifest with {"platform-version":"2.3","product":{"freshdesk":{"location":{"portal_tickets_new_sidebar":{"url":"index.html","icon":"styles/images/icon.svg"},"portal_tickets_details_sidebar":{"url":"index.html","icon":"styles/images/icon.svg"}}}},"engines":{"node":"18.16.1","fdk":"9.0.2"}}.[0m
2023-07-18 20:31:23.190 +0700 [debug] ([34mmanifest.js[0m) [31mInferred db as features.[0m
2023-07-18 20:31:23.190 +0700 [debug] ([34mwatcher.js[0m) [31mBroadcasted "{"file":"manifest.json"}" to all listeners.[0m
2023-07-18 20:31:54.697 +0700 [debug] ([34mdata.js[0m) [31mRead {}[0m
2023-07-18 20:31:54.698 +0700 [debug] ([34mdata.js[0m) [31mRead {}[0m
2023-07-18 20:31:54.698 +0700 [debug] ([34miframe.js[0m) [31mResponding to product with {"configs":{},"displayName":"EndUser","product":{"freshdesk":{"location":{"portal_tickets_new_sidebar":{"url":"visitor/index.html","icon":"visitor/styles/images/icon.svg"},"portal_tickets_details_sidebar":{"url":"visitor/index.html","icon":"visitor/styles/images/icon.svg"}}}},"features":["db"],"actions":false,"omni":false,"products":["freshdesk"],"platform":"2.3","isInstall":false,"v2":[{"id":1,"version_id":1,"configs":{},"displayName":"EndUser","placeholders":{"portal_tickets_new_sidebar":{"url":"http://localhost:10001/iframe/index.html","icon":"styles/images/icon.svg"},"portal_tickets_details_sidebar":{"url":"http://localhost:10001/iframe/index.html","icon":"styles/images/icon.svg"}}}]}[0m
2023-07-18 20:31:54.993 +0700 [debug] ([34miframe.js[0m) [31mResponding with contents of /index.html[0m
2023-07-18 20:31:55.157 +0700 [debug] ([34miframe.js[0m) [31mResponding with contents of /scripts/app.js[0m
2023-07-18 20:31:55.158 +0700 [debug] ([34mcoverage.js[0m) [31mInstrumenting D:\TrueBPM\Freshworks\Freskdesk\EndUser\visitor-app\scripts\app.js[0m
2023-07-18 20:31:55.312 +0700 [debug] ([34miframe.js[0m) [31mResponding with contents of /scripts/app.js[0m
2023-07-18 20:31:55.313 +0700 [debug] ([34mcoverage.js[0m) [31mInstrumenting D:\TrueBPM\Freshworks\Freskdesk\EndUser\visitor-app\scripts\app.js[0m
2023-07-18 20:31:57.221 +0700 [debug] ([34mcoverage.js[0m) [31mWriting coverage.[0m
