2023-07-17 12:01:27.944 +0700 [debug] ([34mconfigs.js[0m) [31mloaded default configs as "{"updates":{"manifest_url":"https://cdn.freshdev.io/assets/fdk/updates.json","period":24},"log":{"level":"info"},"javascript":{"ecma_version":2020},"request":{"timeout":5000}}"[0m
2023-07-17 12:01:27.946 +0700 [debug] ([34mfile.js[0m) [31mError while requiring C:\Users\Admin/.fdk/configs.json: Cannot find module 'C:\Users\Admin/.fdk/configs.json'
Require stack:
- C:\Users\Admin\AppData\Roaming\nvm\v18.16.1\node_modules\fdk\lib\utils\file.js
- C:\Users\Admin\AppData\Roaming\nvm\v18.16.1\node_modules\fdk\lib\configs.js
- C:\Users\Admin\AppData\Roaming\nvm\v18.16.1\node_modules\fdk\lib\logger.js
- C:\Users\Admin\AppData\Roaming\nvm\v18.16.1\node_modules\fdk\index.js[0m
2023-07-17 12:01:27.946 +0700 [debug] ([34mconfigs.js[0m) [31mloaded global configs as "{}"[0m
2023-07-17 12:01:27.946 +0700 [debug] ([34mfile.js[0m) [31mError while requiring D:\TrueBPM\Freshworks\CRM\Management Application/.fdk/configs.json: Cannot find module 'D:\TrueBPM\Freshworks\CRM\Management Application/.fdk/configs.json'
Require stack:
- C:\Users\Admin\AppData\Roaming\nvm\v18.16.1\node_modules\fdk\lib\utils\file.js
- C:\Users\Admin\AppData\Roaming\nvm\v18.16.1\node_modules\fdk\lib\configs.js
- C:\Users\Admin\AppData\Roaming\nvm\v18.16.1\node_modules\fdk\lib\logger.js
- C:\Users\Admin\AppData\Roaming\nvm\v18.16.1\node_modules\fdk\index.js[0m
2023-07-17 12:01:27.947 +0700 [debug] ([34mconfigs.js[0m) [31mloaded local configs as "{}"[0m
2023-07-17 12:01:27.947 +0700 [debug] ([34mconfigs.js[0m) [31mloaded env configs as "{"updates":{},"log":{},"javascript":{},"request":{"timeout":5000}}"[0m
2023-07-17 12:01:27.947 +0700 [debug] ([34mconfigs.js[0m) [31mloaded resolved configs as "{"updates":{"manifest_url":"https://cdn.freshdev.io/assets/fdk/updates.json","period":24},"log":{"level":"info"},"javascript":{"ecma_version":2020},"request":{"timeout":5000}}"[0m
2023-07-17 12:01:27.947 +0700 [debug] ([34mlogger.js[0m) [31mStarting FDK in node v18.16.1 on win32[0m
2023-07-17 12:01:27.947 +0700 [debug] ([34msequelize.js[0m) [31msetting up sqilite at "D:\TrueBPM\Freshworks\CRM\Management Application/.fdk/store.sqlite"[0m
2023-07-17 12:01:27.947 +0700 [debug] ([34mdata.js[0m) [31mRead {"version_details":{"cli":{"deprecated":{"version":"<9","message":"This FDK version will be deprecated by September 30, 2023 There will be no further feature updates to this version. For a seamless app building experience, ensure to move to the latest FDK version. For more information, see https://developers.freshdesk.com/v2/docs/migration-overview/#latest_platform_version_migration."},"forced":{"version":"7.0.0","command":"npm install https://dl.freshdev.io/cli/fdk-7.0.0.tgz -g","message":"Your FDK version has been forced updated to v7.0.0, please visit https://community.developers.freshworks.com/t/fdk-v7-0-announcing-node-js-v12-and-es6-support/3606 to know more"},"latest":{"version":"9.0.2","command":"npm install https://cdn.freshdev.io/fdk/latest.tgz -g","message":"You are on the latest FDK version. For information on the features available as part of this FDK version, see https://developers.freshdesk.com/v2/docs/what's-new/ ."}},"addon":{"version":"1.13.4","url":"https://cdn.freshdev.io/assets/fdk/addons/addon.zip"}},"last_updated":{"time_stamp":1689567723365}}[0m
2023-07-17 12:01:27.948 +0700 [debug] ([34mupdater.js[0m) [31mlast check less than 24 hours ago, not looking for updates[0m
2023-07-17 12:01:27.951 +0700 [debug] ([34mindex.js[0m) [31mrunning with opts {}[0m
2023-07-17 12:01:28.062 +0700 [debug] ([34mdata.js[0m) [31mRead {"version_details":{"cli":{"deprecated":{"version":"<9","message":"This FDK version will be deprecated by September 30, 2023 There will be no further feature updates to this version. For a seamless app building experience, ensure to move to the latest FDK version. For more information, see https://developers.freshdesk.com/v2/docs/migration-overview/#latest_platform_version_migration."},"forced":{"version":"7.0.0","command":"npm install https://dl.freshdev.io/cli/fdk-7.0.0.tgz -g","message":"Your FDK version has been forced updated to v7.0.0, please visit https://community.developers.freshworks.com/t/fdk-v7-0-announcing-node-js-v12-and-es6-support/3606 to know more"},"latest":{"version":"9.0.2","command":"npm install https://cdn.freshdev.io/fdk/latest.tgz -g","message":"You are on the latest FDK version. For information on the features available as part of this FDK version, see https://developers.freshdesk.com/v2/docs/what's-new/ ."}},"addon":{"version":"1.13.4","url":"https://cdn.freshdev.io/assets/fdk/addons/addon.zip"}},"last_updated":{"time_stamp":1689567723365}}[0m
2023-07-17 12:01:28.081 +0700 [debug] ([34mcreate.js[0m) [31m'init' called with D:\TrueBPM\Freshworks\CRM\Management Application, undefined, undefined[0m
2023-07-17 12:01:49.343 +0700 [debug] ([34mcreate.js[0m) [31mInitializing template "your_first_app" with product "freshworks_crm".[0m
2023-07-17 12:01:49.443 +0700 [info] A new Freshworks_crm app was successfully created from template "your_first_app" with the following files.

2023-07-17 12:05:08.762 +0700 [debug] ([34mconfigs.js[0m) [31mloaded default configs as "{"updates":{"manifest_url":"https://cdn.freshdev.io/assets/fdk/updates.json","period":24},"log":{"level":"info"},"javascript":{"ecma_version":2020},"request":{"timeout":5000}}"[0m
2023-07-17 12:05:08.764 +0700 [debug] ([34mfile.js[0m) [31mError while requiring C:\Users\Admin/.fdk/configs.json: Cannot find module 'C:\Users\Admin/.fdk/configs.json'
Require stack:
- C:\Users\Admin\AppData\Roaming\nvm\v18.16.1\node_modules\fdk\lib\utils\file.js
- C:\Users\Admin\AppData\Roaming\nvm\v18.16.1\node_modules\fdk\lib\configs.js
- C:\Users\Admin\AppData\Roaming\nvm\v18.16.1\node_modules\fdk\lib\logger.js
- C:\Users\Admin\AppData\Roaming\nvm\v18.16.1\node_modules\fdk\index.js[0m
2023-07-17 12:05:08.765 +0700 [debug] ([34mconfigs.js[0m) [31mloaded global configs as "{}"[0m
2023-07-17 12:05:08.765 +0700 [debug] ([34mfile.js[0m) [31mError while requiring D:\TrueBPM\Freshworks\CRM\Management Application/.fdk/configs.json: Cannot find module 'D:\TrueBPM\Freshworks\CRM\Management Application/.fdk/configs.json'
Require stack:
- C:\Users\Admin\AppData\Roaming\nvm\v18.16.1\node_modules\fdk\lib\utils\file.js
- C:\Users\Admin\AppData\Roaming\nvm\v18.16.1\node_modules\fdk\lib\configs.js
- C:\Users\Admin\AppData\Roaming\nvm\v18.16.1\node_modules\fdk\lib\logger.js
- C:\Users\Admin\AppData\Roaming\nvm\v18.16.1\node_modules\fdk\index.js[0m
2023-07-17 12:05:08.765 +0700 [debug] ([34mconfigs.js[0m) [31mloaded local configs as "{}"[0m
2023-07-17 12:05:08.765 +0700 [debug] ([34mconfigs.js[0m) [31mloaded env configs as "{"updates":{},"log":{},"javascript":{},"request":{"timeout":5000}}"[0m
2023-07-17 12:05:08.765 +0700 [debug] ([34mconfigs.js[0m) [31mloaded resolved configs as "{"updates":{"manifest_url":"https://cdn.freshdev.io/assets/fdk/updates.json","period":24},"log":{"level":"info"},"javascript":{"ecma_version":2020},"request":{"timeout":5000}}"[0m
2023-07-17 12:05:08.765 +0700 [debug] ([34mlogger.js[0m) [31mStarting FDK in node v18.16.1 on win32[0m
2023-07-17 12:05:08.766 +0700 [debug] ([34msequelize.js[0m) [31msetting up sqilite at "D:\TrueBPM\Freshworks\CRM\Management Application/.fdk/store.sqlite"[0m
2023-07-17 12:05:08.766 +0700 [debug] ([34mdata.js[0m) [31mRead {"version_details":{"cli":{"deprecated":{"version":"<9","message":"This FDK version will be deprecated by September 30, 2023 There will be no further feature updates to this version. For a seamless app building experience, ensure to move to the latest FDK version. For more information, see https://developers.freshdesk.com/v2/docs/migration-overview/#latest_platform_version_migration."},"forced":{"version":"7.0.0","command":"npm install https://dl.freshdev.io/cli/fdk-7.0.0.tgz -g","message":"Your FDK version has been forced updated to v7.0.0, please visit https://community.developers.freshworks.com/t/fdk-v7-0-announcing-node-js-v12-and-es6-support/3606 to know more"},"latest":{"version":"9.0.2","command":"npm install https://cdn.freshdev.io/fdk/latest.tgz -g","message":"You are on the latest FDK version. For information on the features available as part of this FDK version, see https://developers.freshdesk.com/v2/docs/what's-new/ ."}},"addon":{"version":"1.13.4","url":"https://cdn.freshdev.io/assets/fdk/addons/addon.zip"}},"last_updated":{"time_stamp":1689567723365}}[0m
2023-07-17 12:05:08.766 +0700 [debug] ([34mupdater.js[0m) [31mlast check less than 24 hours ago, not looking for updates[0m
2023-07-17 12:05:08.772 +0700 [debug] ([34mindex.js[0m) [31mrunning with opts {}[0m
2023-07-17 12:05:09.326 +0700 [debug] ([34mmanifest.js[0m) [31mReloading manifest with {"platform-version":"2.3","product":{"freshworks_crm":{"location":{"deal_entity_menu":{"url":"index.html","icon":"styles/images/icon.svg"},"contact_entity_menu":{"url":"index.html","icon":"styles/images/icon.svg"},"sales_account_entity_menu":{"url":"index.html","icon":"styles/images/icon.svg"}}}},"engines":{"node":"18.16.1","fdk":"9.0.2"}}.[0m
2023-07-17 12:05:09.327 +0700 [debug] ([34mmanifest.js[0m) [31mInferred db as features.[0m
2023-07-17 12:05:09.330 +0700 [debug] ([34mdata.js[0m) [31mRead {"version_details":{"cli":{"deprecated":{"version":"<9","message":"This FDK version will be deprecated by September 30, 2023 There will be no further feature updates to this version. For a seamless app building experience, ensure to move to the latest FDK version. For more information, see https://developers.freshdesk.com/v2/docs/migration-overview/#latest_platform_version_migration."},"forced":{"version":"7.0.0","command":"npm install https://dl.freshdev.io/cli/fdk-7.0.0.tgz -g","message":"Your FDK version has been forced updated to v7.0.0, please visit https://community.developers.freshworks.com/t/fdk-v7-0-announcing-node-js-v12-and-es6-support/3606 to know more"},"latest":{"version":"9.0.2","command":"npm install https://cdn.freshdev.io/fdk/latest.tgz -g","message":"You are on the latest FDK version. For information on the features available as part of this FDK version, see https://developers.freshdesk.com/v2/docs/what's-new/ ."}},"addon":{"version":"1.13.4","url":"https://cdn.freshdev.io/assets/fdk/addons/addon.zip"}},"last_updated":{"time_stamp":1689567723365}}[0m
2023-07-17 12:05:09.360 +0700 [debug] ([34mdata.js[0m) [31mRead {"version_details":{"cli":{"deprecated":{"version":"<9","message":"This FDK version will be deprecated by September 30, 2023 There will be no further feature updates to this version. For a seamless app building experience, ensure to move to the latest FDK version. For more information, see https://developers.freshdesk.com/v2/docs/migration-overview/#latest_platform_version_migration."},"forced":{"version":"7.0.0","command":"npm install https://dl.freshdev.io/cli/fdk-7.0.0.tgz -g","message":"Your FDK version has been forced updated to v7.0.0, please visit https://community.developers.freshworks.com/t/fdk-v7-0-announcing-node-js-v12-and-es6-support/3606 to know more"},"latest":{"version":"9.0.2","command":"npm install https://cdn.freshdev.io/fdk/latest.tgz -g","message":"You are on the latest FDK version. For information on the features available as part of this FDK version, see https://developers.freshdesk.com/v2/docs/what's-new/ ."}},"addon":{"version":"1.13.4","url":"https://cdn.freshdev.io/assets/fdk/addons/addon.zip"}},"last_updated":{"time_stamp":1689567723365}}[0m
2023-07-17 12:05:09.674 +0700 [debug] ([34mfile.js[0m) [31mError while requiring D:\TrueBPM\Freshworks\CRM\Management Application/.report.json: Cannot find module 'D:\TrueBPM\Freshworks\CRM\Management Application/.report.json'
Require stack:
- C:\Users\Admin\AppData\Roaming\nvm\v18.16.1\node_modules\fdk\lib\utils\file.js
- C:\Users\Admin\AppData\Roaming\nvm\v18.16.1\node_modules\fdk\lib\configs.js
- C:\Users\Admin\AppData\Roaming\nvm\v18.16.1\node_modules\fdk\lib\logger.js
- C:\Users\Admin\AppData\Roaming\nvm\v18.16.1\node_modules\fdk\index.js[0m
2023-07-17 12:05:11.211 +0700 [debug] ([34mdata.js[0m) [31mRead {"version_details":{"cli":{"deprecated":{"version":"<9","message":"This FDK version will be deprecated by September 30, 2023 There will be no further feature updates to this version. For a seamless app building experience, ensure to move to the latest FDK version. For more information, see https://developers.freshdesk.com/v2/docs/migration-overview/#latest_platform_version_migration."},"forced":{"version":"7.0.0","command":"npm install https://dl.freshdev.io/cli/fdk-7.0.0.tgz -g","message":"Your FDK version has been forced updated to v7.0.0, please visit https://community.developers.freshworks.com/t/fdk-v7-0-announcing-node-js-v12-and-es6-support/3606 to know more"},"latest":{"version":"9.0.2","command":"npm install https://cdn.freshdev.io/fdk/latest.tgz -g","message":"You are on the latest FDK version. For information on the features available as part of this FDK version, see https://developers.freshdesk.com/v2/docs/what's-new/ ."}},"addon":{"version":"1.13.4","url":"https://cdn.freshdev.io/assets/fdk/addons/addon.zip"}},"last_updated":{"time_stamp":1689567723365}}[0m
2023-07-17 12:05:12.554 +0700 [debug] ([34mvalidate.js[0m) [31masked to skip the following validations, [0m
2023-07-17 12:05:12.554 +0700 [debug] ([34mvalidate.js[0m) [31mrunning validator actions[0m
2023-07-17 12:05:12.555 +0700 [debug] ([34mvalidate.js[0m) [31mrunning validator requests[0m
2023-07-17 12:05:12.555 +0700 [debug] ([34mvalidate.js[0m) [31mrunning validator app-dir[0m
2023-07-17 12:05:12.556 +0700 [debug] ([34mvalidate.js[0m) [31mrunning validator config-dir[0m
2023-07-17 12:05:12.556 +0700 [debug] ([34mconfig-dir.js[0m) [31mChecking to see if D:\TrueBPM\Freshworks\CRM\Management Application/config/ exists.[0m
2023-07-17 12:05:12.556 +0700 [debug] ([34mconfig-dir.js[0m) [31mFetched the following config files iparams.json[0m
2023-07-17 12:05:12.557 +0700 [debug] ([34mvalidate.js[0m) [31mrunning validator custom-objects[0m
2023-07-17 12:05:12.557 +0700 [debug] ([34mvalidate.js[0m) [31mrunning validator event[0m
2023-07-17 12:05:12.557 +0700 [debug] ([34mvalidate.js[0m) [31mrunning validator iparam[0m
2023-07-17 12:05:12.559 +0700 [debug] ([34mvalidate.js[0m) [31mrunning validator lint[0m
2023-07-17 12:05:12.560 +0700 [debug] ([34mlint.js[0m) [31mpassed fix flag: undefined[0m
2023-07-17 12:05:12.562 +0700 [debug] ([34mlint.js[0m) [31mRunning the following lints on the file app\scripts\app.js : no-caller,no-process-env,complexity,max-nested-callbacks,handle-callback-err,no-eval,no-alert,no-debugger,no-unreachable,no-unhandled-promise,no-logging-rejections,no-non-client-request-model,no-deprecated-apis,no-proxy-requests,no-cross-scope-assign,no-empty-function,no-unused-vars[0m
2023-07-17 12:05:12.614 +0700 [debug] ([34mvalidate.js[0m) [31mrunning validator manifest[0m
2023-07-17 12:05:12.614 +0700 [debug] ([34mvalidate.js[0m) [31mskipping validator manifest-dependency[0m
2023-07-17 12:05:12.615 +0700 [debug] ([34mvalidate.js[0m) [31mrunning validator oauth[0m
2023-07-17 12:05:12.615 +0700 [debug] ([34mvalidate.js[0m) [31mskipping validator pkgsize[0m
2023-07-17 12:05:12.615 +0700 [debug] ([34mvalidate.js[0m) [31mrunning validator schema[0m
2023-07-17 12:05:12.615 +0700 [debug] ([34mvalidate.js[0m) [31mrunning validator version-check[0m
2023-07-17 12:05:12.622 +0700 [debug] ([34mwatcher.js[0m) [31mPreparing to watch the following files ./app,./config,./manifest.json[0m
2023-07-17 12:05:12.628 +0700 [debug] ([34mdata.js[0m) [31mRead {}[0m
2023-07-17 12:05:12.629 +0700 [debug] ([34mcustom-objects.js[0m) [31mto force or not? undefined[0m
2023-07-17 12:05:12.629 +0700 [debug] ([34mcustom-objects.js[0m) [31mbeginning to re-sync db[0m
2023-07-17 12:05:12.827 +0700 [debug] ([34mindex.js[0m) [31mloading model at "C:\Users\Admin\AppData\Roaming\nvm\v18.16.1\node_modules\fdk\lib\models\bigint-pivot.js"[0m
2023-07-17 12:05:12.831 +0700 [debug] ([34mindex.js[0m) [31mloading model at "C:\Users\Admin\AppData\Roaming\nvm\v18.16.1\node_modules\fdk\lib\models\entity-field-choice.js"[0m
2023-07-17 12:05:12.833 +0700 [debug] ([34mindex.js[0m) [31mloading model at "C:\Users\Admin\AppData\Roaming\nvm\v18.16.1\node_modules\fdk\lib\models\entity-field.js"[0m
2023-07-17 12:05:12.835 +0700 [debug] ([34mindex.js[0m) [31mloading model at "C:\Users\Admin\AppData\Roaming\nvm\v18.16.1\node_modules\fdk\lib\models\entity.js"[0m
2023-07-17 12:05:12.837 +0700 [debug] ([34mindex.js[0m) [31mloading model at "C:\Users\Admin\AppData\Roaming\nvm\v18.16.1\node_modules\fdk\lib\models\record.js"[0m
2023-07-17 12:05:12.840 +0700 [debug] ([34mindex.js[0m) [31mloading model at "C:\Users\Admin\AppData\Roaming\nvm\v18.16.1\node_modules\fdk\lib\models\string-pivot.js"[0m
2023-07-17 12:05:12.858 +0700 [debug] ([34mdata.js[0m) [31mRead {}[0m
2023-07-17 12:05:12.859 +0700 [debug] ([34mcustom-objects.js[0m) [31mupdated local store with latest entity hash[0m
2023-07-17 12:05:12.860 +0700 [info] Starting local testing server at http://*:10001/    
Append 'dev=true' to your Freshworks_crm account URL to start testing    
e.g. https://domain.myfreshworks.com/crm/sales/contacts/2007663673?dev=true    
Quit the server with Control-C.
2023-07-17 12:05:54.896 +0700 [debug] ([34mdata.js[0m) [31mRead {}[0m
2023-07-17 12:05:54.898 +0700 [debug] ([34mdata.js[0m) [31mRead {}[0m
2023-07-17 12:05:54.898 +0700 [debug] ([34miframe.js[0m) [31mResponding to product with {"configs":{},"displayName":"Management Application","product":{"freshworks_crm":{"location":{"deal_entity_menu":{"url":"agent/index.html","icon":"agent/styles/images/icon.svg"},"contact_entity_menu":{"url":"agent/index.html","icon":"agent/styles/images/icon.svg"},"sales_account_entity_menu":{"url":"agent/index.html","icon":"agent/styles/images/icon.svg"}}}},"features":["db"],"actions":false,"omni":false,"products":["freshworks_crm"],"platform":"2.3","isInstall":false,"v2":[{"id":1,"version_id":1,"configs":{},"displayName":"Management Application","placeholders":{"deal_entity_menu":{"url":"http://localhost:10001/iframe/index.html","icon":"styles/images/icon.svg"},"contact_entity_menu":{"url":"http://localhost:10001/iframe/index.html","icon":"styles/images/icon.svg"},"sales_account_entity_menu":{"url":"http://localhost:10001/iframe/index.html","icon":"styles/images/icon.svg"}}}]}[0m
2023-07-17 12:06:11.377 +0700 [debug] ([34miframe.js[0m) [31mResponding with contents of /index.html[0m
2023-07-17 12:06:11.511 +0700 [debug] ([34miframe.js[0m) [31mResponding with contents of /scripts/app.js[0m
2023-07-17 12:06:11.512 +0700 [debug] ([34mcoverage.js[0m) [31mInstrumenting D:\TrueBPM\Freshworks\CRM\Management Application\app\scripts\app.js[0m
2023-07-17 12:06:11.621 +0700 [debug] ([34miframe.js[0m) [31mResponding with contents of /scripts/app.js[0m
2023-07-17 12:06:11.622 +0700 [debug] ([34mcoverage.js[0m) [31mInstrumenting D:\TrueBPM\Freshworks\CRM\Management Application\app\scripts\app.js[0m
2023-07-17 12:06:13.643 +0700 [debug] ([34miframe.js[0m) [31mResponding with contents of /views/modal.html[0m
2023-07-17 12:06:13.716 +0700 [debug] ([34miframe.js[0m) [31mResponding with contents of /scripts/app.js[0m
2023-07-17 12:06:13.717 +0700 [debug] ([34mcoverage.js[0m) [31mInstrumenting D:\TrueBPM\Freshworks\CRM\Management Application\app\scripts\app.js[0m
2023-07-17 12:06:13.761 +0700 [debug] ([34miframe.js[0m) [31mResponding with contents of /scripts/app.js[0m
2023-07-17 12:06:13.762 +0700 [debug] ([34mcoverage.js[0m) [31mInstrumenting D:\TrueBPM\Freshworks\CRM\Management Application\app\scripts\app.js[0m
2023-07-17 12:06:14.102 +0700 [debug] ([34mcoverage.js[0m) [31mWriting coverage.[0m
2023-07-17 12:06:15.776 +0700 [debug] ([34mcoverage.js[0m) [31mWriting coverage.[0m
2023-07-17 12:06:26.092 +0700 [debug] ([34miframe.js[0m) [31mResponding with contents of /views/modal.html[0m
2023-07-17 12:06:26.119 +0700 [debug] ([34mcoverage.js[0m) [31mWriting coverage.[0m
2023-07-17 12:06:26.215 +0700 [debug] ([34miframe.js[0m) [31mResponding with contents of /scripts/app.js[0m
2023-07-17 12:06:26.216 +0700 [debug] ([34mcoverage.js[0m) [31mInstrumenting D:\TrueBPM\Freshworks\CRM\Management Application\app\scripts\app.js[0m
2023-07-17 12:06:26.258 +0700 [debug] ([34miframe.js[0m) [31mResponding with contents of /scripts/app.js[0m
2023-07-17 12:06:26.258 +0700 [debug] ([34mcoverage.js[0m) [31mInstrumenting D:\TrueBPM\Freshworks\CRM\Management Application\app\scripts\app.js[0m
2023-07-17 12:06:29.834 +0700 [debug] ([34miframe.js[0m) [31mResponding with contents of /views/modal.html[0m
2023-07-17 12:06:29.894 +0700 [debug] ([34miframe.js[0m) [31mResponding with contents of /scripts/app.js[0m
2023-07-17 12:06:29.894 +0700 [debug] ([34mcoverage.js[0m) [31mInstrumenting D:\TrueBPM\Freshworks\CRM\Management Application\app\scripts\app.js[0m
2023-07-17 12:06:29.930 +0700 [debug] ([34miframe.js[0m) [31mResponding with contents of /scripts/app.js[0m
2023-07-17 12:06:29.930 +0700 [debug] ([34mcoverage.js[0m) [31mInstrumenting D:\TrueBPM\Freshworks\CRM\Management Application\app\scripts\app.js[0m
2023-07-17 12:06:30.074 +0700 [debug] ([34mcoverage.js[0m) [31mWriting coverage.[0m
2023-07-17 14:50:18.242 +0700 [debug] ([34mconfigs.js[0m) [31mloaded default configs as "{"updates":{"manifest_url":"https://cdn.freshdev.io/assets/fdk/updates.json","period":24},"log":{"level":"info"},"javascript":{"ecma_version":2020},"request":{"timeout":5000}}"[0m
2023-07-17 14:50:18.244 +0700 [debug] ([34mfile.js[0m) [31mError while requiring C:\Users\Admin/.fdk/configs.json: Cannot find module 'C:\Users\Admin/.fdk/configs.json'
Require stack:
- C:\Users\Admin\AppData\Roaming\nvm\v18.16.1\node_modules\fdk\lib\utils\file.js
- C:\Users\Admin\AppData\Roaming\nvm\v18.16.1\node_modules\fdk\lib\configs.js
- C:\Users\Admin\AppData\Roaming\nvm\v18.16.1\node_modules\fdk\lib\logger.js
- C:\Users\Admin\AppData\Roaming\nvm\v18.16.1\node_modules\fdk\index.js[0m
2023-07-17 14:50:18.244 +0700 [debug] ([34mconfigs.js[0m) [31mloaded global configs as "{}"[0m
2023-07-17 14:50:18.244 +0700 [debug] ([34mfile.js[0m) [31mError while requiring D:\TrueBPM\Freshworks\CRM\Management Application/.fdk/configs.json: Cannot find module 'D:\TrueBPM\Freshworks\CRM\Management Application/.fdk/configs.json'
Require stack:
- C:\Users\Admin\AppData\Roaming\nvm\v18.16.1\node_modules\fdk\lib\utils\file.js
- C:\Users\Admin\AppData\Roaming\nvm\v18.16.1\node_modules\fdk\lib\configs.js
- C:\Users\Admin\AppData\Roaming\nvm\v18.16.1\node_modules\fdk\lib\logger.js
- C:\Users\Admin\AppData\Roaming\nvm\v18.16.1\node_modules\fdk\index.js[0m
2023-07-17 14:50:18.245 +0700 [debug] ([34mconfigs.js[0m) [31mloaded local configs as "{}"[0m
2023-07-17 14:50:18.245 +0700 [debug] ([34mconfigs.js[0m) [31mloaded env configs as "{"updates":{},"log":{},"javascript":{},"request":{"timeout":5000}}"[0m
2023-07-17 14:50:18.245 +0700 [debug] ([34mconfigs.js[0m) [31mloaded resolved configs as "{"updates":{"manifest_url":"https://cdn.freshdev.io/assets/fdk/updates.json","period":24},"log":{"level":"info"},"javascript":{"ecma_version":2020},"request":{"timeout":5000}}"[0m
2023-07-17 14:50:18.245 +0700 [debug] ([34mlogger.js[0m) [31mStarting FDK in node v18.16.1 on win32[0m
2023-07-17 14:50:18.245 +0700 [debug] ([34msequelize.js[0m) [31msetting up sqilite at "D:\TrueBPM\Freshworks\CRM\Management Application/.fdk/store.sqlite"[0m
2023-07-17 14:50:18.245 +0700 [debug] ([34mdata.js[0m) [31mRead {"version_details":{"cli":{"deprecated":{"version":"<9","message":"This FDK version will be deprecated by September 30, 2023 There will be no further feature updates to this version. For a seamless app building experience, ensure to move to the latest FDK version. For more information, see https://developers.freshdesk.com/v2/docs/migration-overview/#latest_platform_version_migration."},"forced":{"version":"7.0.0","command":"npm install https://dl.freshdev.io/cli/fdk-7.0.0.tgz -g","message":"Your FDK version has been forced updated to v7.0.0, please visit https://community.developers.freshworks.com/t/fdk-v7-0-announcing-node-js-v12-and-es6-support/3606 to know more"},"latest":{"version":"9.0.2","command":"npm install https://cdn.freshdev.io/fdk/latest.tgz -g","message":"You are on the latest FDK version. For information on the features available as part of this FDK version, see https://developers.freshdesk.com/v2/docs/what's-new/ ."}},"addon":{"version":"1.13.4","url":"https://cdn.freshdev.io/assets/fdk/addons/addon.zip"}},"last_updated":{"time_stamp":1689567723365}}[0m
2023-07-17 14:50:18.245 +0700 [debug] ([34mupdater.js[0m) [31mlast check less than 24 hours ago, not looking for updates[0m
2023-07-17 14:50:18.249 +0700 [debug] ([34mindex.js[0m) [31mrunning with opts {}[0m
2023-07-17 14:50:18.729 +0700 [debug] ([34mmanifest.js[0m) [31mReloading manifest with {"platform-version":"2.3","product":{"freshworks_crm":{"location":{"full_page_app":{"url":"index.html","icon":"styles/images/icon.png"}}}},"engines":{"node":"18.16.1","fdk":"9.0.2"}}.[0m
2023-07-17 14:50:18.729 +0700 [debug] ([34mmanifest.js[0m) [31mInferred db as features.[0m
2023-07-17 14:50:18.734 +0700 [debug] ([34mdata.js[0m) [31mRead {"version_details":{"cli":{"deprecated":{"version":"<9","message":"This FDK version will be deprecated by September 30, 2023 There will be no further feature updates to this version. For a seamless app building experience, ensure to move to the latest FDK version. For more information, see https://developers.freshdesk.com/v2/docs/migration-overview/#latest_platform_version_migration."},"forced":{"version":"7.0.0","command":"npm install https://dl.freshdev.io/cli/fdk-7.0.0.tgz -g","message":"Your FDK version has been forced updated to v7.0.0, please visit https://community.developers.freshworks.com/t/fdk-v7-0-announcing-node-js-v12-and-es6-support/3606 to know more"},"latest":{"version":"9.0.2","command":"npm install https://cdn.freshdev.io/fdk/latest.tgz -g","message":"You are on the latest FDK version. For information on the features available as part of this FDK version, see https://developers.freshdesk.com/v2/docs/what's-new/ ."}},"addon":{"version":"1.13.4","url":"https://cdn.freshdev.io/assets/fdk/addons/addon.zip"}},"last_updated":{"time_stamp":1689567723365}}[0m
2023-07-17 14:50:18.769 +0700 [debug] ([34mdata.js[0m) [31mRead {"version_details":{"cli":{"deprecated":{"version":"<9","message":"This FDK version will be deprecated by September 30, 2023 There will be no further feature updates to this version. For a seamless app building experience, ensure to move to the latest FDK version. For more information, see https://developers.freshdesk.com/v2/docs/migration-overview/#latest_platform_version_migration."},"forced":{"version":"7.0.0","command":"npm install https://dl.freshdev.io/cli/fdk-7.0.0.tgz -g","message":"Your FDK version has been forced updated to v7.0.0, please visit https://community.developers.freshworks.com/t/fdk-v7-0-announcing-node-js-v12-and-es6-support/3606 to know more"},"latest":{"version":"9.0.2","command":"npm install https://cdn.freshdev.io/fdk/latest.tgz -g","message":"You are on the latest FDK version. For information on the features available as part of this FDK version, see https://developers.freshdesk.com/v2/docs/what's-new/ ."}},"addon":{"version":"1.13.4","url":"https://cdn.freshdev.io/assets/fdk/addons/addon.zip"}},"last_updated":{"time_stamp":1689567723365}}[0m
2023-07-17 14:50:19.210 +0700 [debug] ([34mfile.js[0m) [31mError while requiring D:\TrueBPM\Freshworks\CRM\Management Application/.report.json: Cannot find module 'D:\TrueBPM\Freshworks\CRM\Management Application/.report.json'
Require stack:
- C:\Users\Admin\AppData\Roaming\nvm\v18.16.1\node_modules\fdk\lib\utils\file.js
- C:\Users\Admin\AppData\Roaming\nvm\v18.16.1\node_modules\fdk\lib\configs.js
- C:\Users\Admin\AppData\Roaming\nvm\v18.16.1\node_modules\fdk\lib\logger.js
- C:\Users\Admin\AppData\Roaming\nvm\v18.16.1\node_modules\fdk\index.js[0m
2023-07-17 14:50:21.054 +0700 [debug] ([34mdata.js[0m) [31mRead {"version_details":{"cli":{"deprecated":{"version":"<9","message":"This FDK version will be deprecated by September 30, 2023 There will be no further feature updates to this version. For a seamless app building experience, ensure to move to the latest FDK version. For more information, see https://developers.freshdesk.com/v2/docs/migration-overview/#latest_platform_version_migration."},"forced":{"version":"7.0.0","command":"npm install https://dl.freshdev.io/cli/fdk-7.0.0.tgz -g","message":"Your FDK version has been forced updated to v7.0.0, please visit https://community.developers.freshworks.com/t/fdk-v7-0-announcing-node-js-v12-and-es6-support/3606 to know more"},"latest":{"version":"9.0.2","command":"npm install https://cdn.freshdev.io/fdk/latest.tgz -g","message":"You are on the latest FDK version. For information on the features available as part of this FDK version, see https://developers.freshdesk.com/v2/docs/what's-new/ ."}},"addon":{"version":"1.13.4","url":"https://cdn.freshdev.io/assets/fdk/addons/addon.zip"}},"last_updated":{"time_stamp":1689567723365}}[0m
2023-07-17 14:50:22.545 +0700 [debug] ([34mvalidate.js[0m) [31masked to skip the following validations, [0m
2023-07-17 14:50:22.545 +0700 [debug] ([34mvalidate.js[0m) [31mrunning validator actions[0m
2023-07-17 14:50:22.545 +0700 [debug] ([34mvalidate.js[0m) [31mrunning validator requests[0m
2023-07-17 14:50:22.546 +0700 [debug] ([34mvalidate.js[0m) [31mrunning validator app-dir[0m
2023-07-17 14:50:22.547 +0700 [debug] ([34mvalidate.js[0m) [31mrunning validator config-dir[0m
2023-07-17 14:50:22.547 +0700 [debug] ([34mconfig-dir.js[0m) [31mChecking to see if D:\TrueBPM\Freshworks\CRM\Management Application/config/ exists.[0m
2023-07-17 14:50:22.547 +0700 [debug] ([34mconfig-dir.js[0m) [31mFetched the following config files iparams.json[0m
2023-07-17 14:50:22.547 +0700 [debug] ([34mvalidate.js[0m) [31mrunning validator custom-objects[0m
2023-07-17 14:50:22.547 +0700 [debug] ([34mvalidate.js[0m) [31mrunning validator event[0m
2023-07-17 14:50:22.547 +0700 [debug] ([34mvalidate.js[0m) [31mrunning validator iparam[0m
2023-07-17 14:50:22.550 +0700 [debug] ([34mvalidate.js[0m) [31mrunning validator lint[0m
2023-07-17 14:50:22.550 +0700 [debug] ([34mlint.js[0m) [31mpassed fix flag: undefined[0m
2023-07-17 14:50:22.552 +0700 [debug] ([34mlint.js[0m) [31mRunning the following lints on the file app\scripts\app.js : no-caller,no-process-env,complexity,max-nested-callbacks,handle-callback-err,no-eval,no-alert,no-debugger,no-unreachable,no-unhandled-promise,no-logging-rejections,no-non-client-request-model,no-deprecated-apis,no-proxy-requests,no-cross-scope-assign,no-empty-function,no-unused-vars[0m
2023-07-17 14:50:22.604 +0700 [debug] ([34mvalidate.js[0m) [31mrunning validator manifest[0m
2023-07-17 14:50:22.604 +0700 [debug] ([34mvalidate.js[0m) [31mskipping validator manifest-dependency[0m
2023-07-17 14:50:22.605 +0700 [debug] ([34mvalidate.js[0m) [31mrunning validator oauth[0m
2023-07-17 14:50:22.605 +0700 [debug] ([34mvalidate.js[0m) [31mskipping validator pkgsize[0m
2023-07-17 14:50:22.605 +0700 [debug] ([34mvalidate.js[0m) [31mrunning validator schema[0m
2023-07-17 14:50:22.605 +0700 [debug] ([34mvalidate.js[0m) [31mrunning validator version-check[0m
2023-07-17 14:50:22.620 +0700 [warn] Please ensure that the following are addressed for quick review process:
2023-07-17 14:50:22.620 +0700 [warn] [33m⚠[39m app\scripts\app.js::20: 'map' declared and assigned in different scopes. Possible asynchronous race condition.
2023-07-17 14:50:22.621 +0700 [error] 
2023-07-17 14:50:22.623 +0700 [debug] ([34mwatcher.js[0m) [31mPreparing to watch the following files ./app,./config,./manifest.json[0m
2023-07-17 14:50:22.627 +0700 [debug] ([34mdata.js[0m) [31mRead {}[0m
2023-07-17 14:50:22.628 +0700 [debug] ([34mcustom-objects.js[0m) [31mto force or not? undefined[0m
2023-07-17 14:50:22.628 +0700 [debug] ([34mcustom-objects.js[0m) [31mbeginning to re-sync db[0m
2023-07-17 14:50:22.872 +0700 [debug] ([34mindex.js[0m) [31mloading model at "C:\Users\Admin\AppData\Roaming\nvm\v18.16.1\node_modules\fdk\lib\models\bigint-pivot.js"[0m
2023-07-17 14:50:22.876 +0700 [debug] ([34mindex.js[0m) [31mloading model at "C:\Users\Admin\AppData\Roaming\nvm\v18.16.1\node_modules\fdk\lib\models\entity-field-choice.js"[0m
2023-07-17 14:50:22.877 +0700 [debug] ([34mindex.js[0m) [31mloading model at "C:\Users\Admin\AppData\Roaming\nvm\v18.16.1\node_modules\fdk\lib\models\entity-field.js"[0m
2023-07-17 14:50:22.878 +0700 [debug] ([34mindex.js[0m) [31mloading model at "C:\Users\Admin\AppData\Roaming\nvm\v18.16.1\node_modules\fdk\lib\models\entity.js"[0m
2023-07-17 14:50:22.880 +0700 [debug] ([34mindex.js[0m) [31mloading model at "C:\Users\Admin\AppData\Roaming\nvm\v18.16.1\node_modules\fdk\lib\models\record.js"[0m
2023-07-17 14:50:22.881 +0700 [debug] ([34mindex.js[0m) [31mloading model at "C:\Users\Admin\AppData\Roaming\nvm\v18.16.1\node_modules\fdk\lib\models\string-pivot.js"[0m
2023-07-17 14:50:22.898 +0700 [debug] ([34mdata.js[0m) [31mRead {}[0m
2023-07-17 14:50:22.899 +0700 [debug] ([34mcustom-objects.js[0m) [31mupdated local store with latest entity hash[0m
2023-07-17 14:50:22.899 +0700 [info] Starting local testing server at http://*:10001/    
Append 'dev=true' to your Freshworks_crm account URL to start testing    
e.g. https://domain.myfreshworks.com/crm/sales/contacts/2007663673?dev=true    
Quit the server with Control-C.
2023-07-17 14:50:44.098 +0700 [debug] ([34mwatcher.js[0m) [31mBroadcasted "{"file":"app\\scripts\\app.js"}" to all listeners.[0m
2023-07-17 14:51:10.684 +0700 [debug] ([34mdata.js[0m) [31mRead {}[0m
2023-07-17 14:51:10.686 +0700 [debug] ([34mdata.js[0m) [31mRead {}[0m
2023-07-17 14:51:10.686 +0700 [debug] ([34miframe.js[0m) [31mResponding to product with {"configs":{},"displayName":"Management Application","product":{"freshworks_crm":{"location":{"full_page_app":{"url":"agent/index.html","icon":"agent/styles/images/icon.png"}}}},"features":["db"],"actions":false,"omni":false,"products":["freshworks_crm"],"platform":"2.3","isInstall":false,"v2":[{"id":1,"version_id":1,"configs":{},"displayName":"Management Application","placeholders":{"full_page_app":{"url":"http://localhost:10001/iframe/index.html","icon":"styles/images/icon.png"}}}]}[0m
2023-07-17 14:52:23.214 +0700 [debug] ([34mdata.js[0m) [31mRead {}[0m
2023-07-17 14:52:23.214 +0700 [debug] ([34mdata.js[0m) [31mRead {}[0m
2023-07-17 14:52:23.215 +0700 [debug] ([34miframe.js[0m) [31mResponding to product with {"configs":{},"displayName":"Management Application","product":{"freshworks_crm":{"location":{"full_page_app":{"url":"agent/index.html","icon":"agent/styles/images/icon.png"}}}},"features":["db"],"actions":false,"omni":false,"products":["freshworks_crm"],"platform":"2.3","isInstall":false,"v2":[{"id":1,"version_id":1,"configs":{},"displayName":"Management Application","placeholders":{"full_page_app":{"url":"http://localhost:10001/iframe/index.html","icon":"styles/images/icon.png"}}}]}[0m
2023-07-17 14:54:16.322 +0700 [debug] ([34mdata.js[0m) [31mRead {}[0m
2023-07-17 14:54:16.323 +0700 [debug] ([34mdata.js[0m) [31mRead {}[0m
2023-07-17 14:54:16.323 +0700 [debug] ([34miframe.js[0m) [31mResponding to product with {"configs":{},"displayName":"Management Application","product":{"freshworks_crm":{"location":{"full_page_app":{"url":"agent/index.html","icon":"agent/styles/images/icon.png"}}}},"features":["db"],"actions":false,"omni":false,"products":["freshworks_crm"],"platform":"2.3","isInstall":false,"v2":[{"id":1,"version_id":1,"configs":{},"displayName":"Management Application","placeholders":{"full_page_app":{"url":"http://localhost:10001/iframe/index.html","icon":"styles/images/icon.png"}}}]}[0m
2023-07-17 14:55:00.916 +0700 [debug] ([34mmanifest.js[0m) [31mReloading manifest with {"platform-version":"2.3","product":{"freshworks_crm":{"location":{"full_page_app":{"url":"index.html","icon":"styles/images/icon.png"},"contact_entity_menu":{"url":"index.html","icon":"styles/images/icon.png"},"sales_account_entity_menu":{"url":"index.html","icon":"styles/images/icon.png"}}}},"engines":{"node":"18.16.1","fdk":"9.0.2"}}.[0m
2023-07-17 14:55:00.917 +0700 [debug] ([34mmanifest.js[0m) [31mInferred db as features.[0m
2023-07-17 14:55:00.917 +0700 [debug] ([34mwatcher.js[0m) [31mBroadcasted "{"file":"manifest.json"}" to all listeners.[0m
2023-07-17 14:55:12.663 +0700 [debug] ([34mdata.js[0m) [31mRead {}[0m
2023-07-17 14:55:12.664 +0700 [debug] ([34mdata.js[0m) [31mRead {}[0m
2023-07-17 14:55:12.664 +0700 [debug] ([34miframe.js[0m) [31mResponding to product with {"configs":{},"displayName":"Management Application","product":{"freshworks_crm":{"location":{"full_page_app":{"url":"agent/index.html","icon":"agent/styles/images/icon.png"},"contact_entity_menu":{"url":"agent/index.html","icon":"agent/styles/images/icon.png"},"sales_account_entity_menu":{"url":"agent/index.html","icon":"agent/styles/images/icon.png"}}}},"features":["db"],"actions":false,"omni":false,"products":["freshworks_crm"],"platform":"2.3","isInstall":false,"v2":[{"id":1,"version_id":1,"configs":{},"displayName":"Management Application","placeholders":{"full_page_app":{"url":"http://localhost:10001/iframe/index.html","icon":"styles/images/icon.png"},"contact_entity_menu":{"url":"http://localhost:10001/iframe/index.html","icon":"styles/images/icon.png"},"sales_account_entity_menu":{"url":"http://localhost:10001/iframe/index.html","icon":"styles/images/icon.png"}}}]}[0m
2023-07-17 14:55:21.738 +0700 [debug] ([34miframe.js[0m) [31mResponding with contents of /index.html[0m
2023-07-17 14:55:21.876 +0700 [debug] ([34miframe.js[0m) [31mResponding with contents of /scripts/app.js[0m
2023-07-17 14:55:21.878 +0700 [debug] ([34mcoverage.js[0m) [31mInstrumenting D:\TrueBPM\Freshworks\CRM\Management Application\app\scripts\app.js[0m
2023-07-17 14:55:21.991 +0700 [debug] ([34miframe.js[0m) [31mResponding with contents of /scripts/app.js[0m
2023-07-17 14:55:21.992 +0700 [debug] ([34mcoverage.js[0m) [31mInstrumenting D:\TrueBPM\Freshworks\CRM\Management Application\app\scripts\app.js[0m
2023-07-17 14:55:23.992 +0700 [debug] ([34mcoverage.js[0m) [31mWriting coverage.[0m
2023-07-17 14:55:56.065 +0700 [debug] ([34mdata.js[0m) [31mRead {}[0m
2023-07-17 14:55:56.066 +0700 [debug] ([34mdata.js[0m) [31mRead {}[0m
2023-07-17 14:55:56.067 +0700 [debug] ([34miframe.js[0m) [31mResponding to product with {"configs":{},"displayName":"Management Application","product":{"freshworks_crm":{"location":{"full_page_app":{"url":"agent/index.html","icon":"agent/styles/images/icon.png"},"contact_entity_menu":{"url":"agent/index.html","icon":"agent/styles/images/icon.png"},"sales_account_entity_menu":{"url":"agent/index.html","icon":"agent/styles/images/icon.png"}}}},"features":["db"],"actions":false,"omni":false,"products":["freshworks_crm"],"platform":"2.3","isInstall":false,"v2":[{"id":1,"version_id":1,"configs":{},"displayName":"Management Application","placeholders":{"full_page_app":{"url":"http://localhost:10001/iframe/index.html","icon":"styles/images/icon.png"},"contact_entity_menu":{"url":"http://localhost:10001/iframe/index.html","icon":"styles/images/icon.png"},"sales_account_entity_menu":{"url":"http://localhost:10001/iframe/index.html","icon":"styles/images/icon.png"}}}]}[0m
2023-07-17 14:58:28.310 +0700 [debug] ([34mmanifest.js[0m) [31mReloading manifest with {"platform-version":"2.3","product":{"freshworks_crm":{"location":{"full_page_app":{"url":"index.html","icon":"styles/images/icon.png"}}}},"engines":{"node":"18.16.1","fdk":"9.0.2"}}.[0m
2023-07-17 14:58:28.310 +0700 [debug] ([34mmanifest.js[0m) [31mInferred db as features.[0m
2023-07-17 14:58:28.310 +0700 [debug] ([34mwatcher.js[0m) [31mBroadcasted "{"file":"manifest.json"}" to all listeners.[0m
2023-07-17 14:58:29.013 +0700 [info] 
NOTE: We recommend a coverage of 80% for apps that are to be published in the public marketplace.
2023-07-17 14:58:33.612 +0700 [debug] ([34mconfigs.js[0m) [31mloaded default configs as "{"updates":{"manifest_url":"https://cdn.freshdev.io/assets/fdk/updates.json","period":24},"log":{"level":"info"},"javascript":{"ecma_version":2020},"request":{"timeout":5000}}"[0m
2023-07-17 14:58:33.614 +0700 [debug] ([34mfile.js[0m) [31mError while requiring C:\Users\Admin/.fdk/configs.json: Cannot find module 'C:\Users\Admin/.fdk/configs.json'
Require stack:
- C:\Users\Admin\AppData\Roaming\nvm\v18.16.1\node_modules\fdk\lib\utils\file.js
- C:\Users\Admin\AppData\Roaming\nvm\v18.16.1\node_modules\fdk\lib\configs.js
- C:\Users\Admin\AppData\Roaming\nvm\v18.16.1\node_modules\fdk\lib\logger.js
- C:\Users\Admin\AppData\Roaming\nvm\v18.16.1\node_modules\fdk\index.js[0m
2023-07-17 14:58:33.614 +0700 [debug] ([34mconfigs.js[0m) [31mloaded global configs as "{}"[0m
2023-07-17 14:58:33.614 +0700 [debug] ([34mfile.js[0m) [31mError while requiring D:\TrueBPM\Freshworks\CRM\Management Application/.fdk/configs.json: Cannot find module 'D:\TrueBPM\Freshworks\CRM\Management Application/.fdk/configs.json'
Require stack:
- C:\Users\Admin\AppData\Roaming\nvm\v18.16.1\node_modules\fdk\lib\utils\file.js
- C:\Users\Admin\AppData\Roaming\nvm\v18.16.1\node_modules\fdk\lib\configs.js
- C:\Users\Admin\AppData\Roaming\nvm\v18.16.1\node_modules\fdk\lib\logger.js
- C:\Users\Admin\AppData\Roaming\nvm\v18.16.1\node_modules\fdk\index.js[0m
2023-07-17 14:58:33.614 +0700 [debug] ([34mconfigs.js[0m) [31mloaded local configs as "{}"[0m
2023-07-17 14:58:33.615 +0700 [debug] ([34mconfigs.js[0m) [31mloaded env configs as "{"updates":{},"log":{},"javascript":{},"request":{"timeout":5000}}"[0m
2023-07-17 14:58:33.615 +0700 [debug] ([34mconfigs.js[0m) [31mloaded resolved configs as "{"updates":{"manifest_url":"https://cdn.freshdev.io/assets/fdk/updates.json","period":24},"log":{"level":"info"},"javascript":{"ecma_version":2020},"request":{"timeout":5000}}"[0m
2023-07-17 14:58:33.615 +0700 [debug] ([34mlogger.js[0m) [31mStarting FDK in node v18.16.1 on win32[0m
2023-07-17 14:58:33.615 +0700 [debug] ([34msequelize.js[0m) [31msetting up sqilite at "D:\TrueBPM\Freshworks\CRM\Management Application/.fdk/store.sqlite"[0m
2023-07-17 14:58:33.615 +0700 [debug] ([34mdata.js[0m) [31mRead {"version_details":{"cli":{"deprecated":{"version":"<9","message":"This FDK version will be deprecated by September 30, 2023 There will be no further feature updates to this version. For a seamless app building experience, ensure to move to the latest FDK version. For more information, see https://developers.freshdesk.com/v2/docs/migration-overview/#latest_platform_version_migration."},"forced":{"version":"7.0.0","command":"npm install https://dl.freshdev.io/cli/fdk-7.0.0.tgz -g","message":"Your FDK version has been forced updated to v7.0.0, please visit https://community.developers.freshworks.com/t/fdk-v7-0-announcing-node-js-v12-and-es6-support/3606 to know more"},"latest":{"version":"9.0.2","command":"npm install https://cdn.freshdev.io/fdk/latest.tgz -g","message":"You are on the latest FDK version. For information on the features available as part of this FDK version, see https://developers.freshdesk.com/v2/docs/what's-new/ ."}},"addon":{"version":"1.13.4","url":"https://cdn.freshdev.io/assets/fdk/addons/addon.zip"}},"last_updated":{"time_stamp":1689567723365}}[0m
2023-07-17 14:58:33.615 +0700 [debug] ([34mupdater.js[0m) [31mlast check less than 24 hours ago, not looking for updates[0m
2023-07-17 14:58:33.619 +0700 [debug] ([34mindex.js[0m) [31mrunning with opts {}[0m
2023-07-17 14:58:33.864 +0700 [debug] ([34mmanifest.js[0m) [31mReloading manifest with {"platform-version":"2.3","product":{"freshworks_crm":{"location":{"full_page_app":{"url":"index.html","icon":"styles/images/icon.png"}}}},"engines":{"node":"18.16.1","fdk":"9.0.2"}}.[0m
2023-07-17 14:58:33.864 +0700 [debug] ([34mmanifest.js[0m) [31mInferred db as features.[0m
2023-07-17 14:58:33.865 +0700 [debug] ([34mdata.js[0m) [31mRead {"version_details":{"cli":{"deprecated":{"version":"<9","message":"This FDK version will be deprecated by September 30, 2023 There will be no further feature updates to this version. For a seamless app building experience, ensure to move to the latest FDK version. For more information, see https://developers.freshdesk.com/v2/docs/migration-overview/#latest_platform_version_migration."},"forced":{"version":"7.0.0","command":"npm install https://dl.freshdev.io/cli/fdk-7.0.0.tgz -g","message":"Your FDK version has been forced updated to v7.0.0, please visit https://community.developers.freshworks.com/t/fdk-v7-0-announcing-node-js-v12-and-es6-support/3606 to know more"},"latest":{"version":"9.0.2","command":"npm install https://cdn.freshdev.io/fdk/latest.tgz -g","message":"You are on the latest FDK version. For information on the features available as part of this FDK version, see https://developers.freshdesk.com/v2/docs/what's-new/ ."}},"addon":{"version":"1.13.4","url":"https://cdn.freshdev.io/assets/fdk/addons/addon.zip"}},"last_updated":{"time_stamp":1689567723365}}[0m
2023-07-17 14:58:35.627 +0700 [debug] ([34mdata.js[0m) [31mRead {"version_details":{"cli":{"deprecated":{"version":"<9","message":"This FDK version will be deprecated by September 30, 2023 There will be no further feature updates to this version. For a seamless app building experience, ensure to move to the latest FDK version. For more information, see https://developers.freshdesk.com/v2/docs/migration-overview/#latest_platform_version_migration."},"forced":{"version":"7.0.0","command":"npm install https://dl.freshdev.io/cli/fdk-7.0.0.tgz -g","message":"Your FDK version has been forced updated to v7.0.0, please visit https://community.developers.freshworks.com/t/fdk-v7-0-announcing-node-js-v12-and-es6-support/3606 to know more"},"latest":{"version":"9.0.2","command":"npm install https://cdn.freshdev.io/fdk/latest.tgz -g","message":"You are on the latest FDK version. For information on the features available as part of this FDK version, see https://developers.freshdesk.com/v2/docs/what's-new/ ."}},"addon":{"version":"1.13.4","url":"https://cdn.freshdev.io/assets/fdk/addons/addon.zip"}},"last_updated":{"time_stamp":1689567723365}}[0m
2023-07-17 14:58:36.868 +0700 [debug] ([34mpack.js[0m) [31m'pack' called with {}[0m
2023-07-17 14:58:36.868 +0700 [debug] ([34mvalidate.js[0m) [31masked to skip the following validations, [0m
2023-07-17 14:58:36.869 +0700 [debug] ([34mvalidate.js[0m) [31mrunning validator actions[0m
2023-07-17 14:58:36.869 +0700 [debug] ([34mvalidate.js[0m) [31mrunning validator requests[0m
2023-07-17 14:58:36.869 +0700 [debug] ([34mvalidate.js[0m) [31mrunning validator app-dir[0m
2023-07-17 14:58:36.870 +0700 [debug] ([34mvalidate.js[0m) [31mrunning validator config-dir[0m
2023-07-17 14:58:36.870 +0700 [debug] ([34mconfig-dir.js[0m) [31mChecking to see if D:\TrueBPM\Freshworks\CRM\Management Application/config/ exists.[0m
2023-07-17 14:58:36.870 +0700 [debug] ([34mconfig-dir.js[0m) [31mFetched the following config files iparams.json[0m
2023-07-17 14:58:36.870 +0700 [debug] ([34mvalidate.js[0m) [31mrunning validator custom-objects[0m
2023-07-17 14:58:36.871 +0700 [debug] ([34mvalidate.js[0m) [31mrunning validator event[0m
2023-07-17 14:58:36.871 +0700 [debug] ([34mvalidate.js[0m) [31mrunning validator iparam[0m
2023-07-17 14:58:36.874 +0700 [debug] ([34mvalidate.js[0m) [31mrunning validator lint[0m
2023-07-17 14:58:36.874 +0700 [debug] ([34mlint.js[0m) [31mpassed fix flag: undefined[0m
2023-07-17 14:58:36.877 +0700 [debug] ([34mlint.js[0m) [31mRunning the following lints on the file app\scripts\app.js : no-caller,no-process-env,complexity,max-nested-callbacks,handle-callback-err,no-eval,no-alert,no-debugger,no-unreachable,no-unhandled-promise,no-logging-rejections,no-non-client-request-model,no-deprecated-apis,no-proxy-requests,no-cross-scope-assign,no-empty-function,no-unused-vars[0m
2023-07-17 14:58:36.923 +0700 [debug] ([34mvalidate.js[0m) [31mrunning validator manifest[0m
2023-07-17 14:58:36.923 +0700 [debug] ([34mvalidate.js[0m) [31mrunning validator manifest-dependency[0m
2023-07-17 14:58:36.923 +0700 [debug] ([34mvalidate.js[0m) [31mrunning validator oauth[0m
2023-07-17 14:58:36.924 +0700 [debug] ([34mvalidate.js[0m) [31mskipping validator pkgsize[0m
2023-07-17 14:58:36.924 +0700 [debug] ([34mvalidate.js[0m) [31mskipping validator schema[0m
2023-07-17 14:58:36.924 +0700 [debug] ([34mvalidate.js[0m) [31mrunning validator version-check[0m
2023-07-17 14:58:36.928 +0700 [info] App being packed in Node v18.16.1 using FDK 9.0.2
2023-07-17 14:58:36.946 +0700 [debug] ([34mpack.js[0m) [31mCannot find './visitor-app' directory while packing.[0m
2023-07-17 14:58:36.947 +0700 [debug] ([34mpack.js[0m) [31mCannot find './src' directory while packing.[0m
2023-07-17 14:58:36.947 +0700 [debug] ([34mpack.js[0m) [31mCannot find './server' directory while packing.[0m
2023-07-17 14:58:36.954 +0700 [debug] ([34mfile.js[0m) [31mComputing digest for app\index.html,app\scripts\app.js,app\styles\images\icon.png,app\styles\images\icon.svg,app\styles\styles.css,app\views\modal.html,manifest.json.[0m
2023-07-17 14:58:36.956 +0700 [debug] ([34mpack.js[0m) [31mPacking ./app\index.html[0m
2023-07-17 14:58:36.960 +0700 [debug] ([34mpack.js[0m) [31mPacking ./app\scripts\app.js[0m
2023-07-17 14:58:36.962 +0700 [debug] ([34mpack.js[0m) [31mPacking ./app\styles\images\icon.png[0m
2023-07-17 14:58:36.962 +0700 [debug] ([34mpack.js[0m) [31mPacking ./app\styles\images\icon.svg[0m
2023-07-17 14:58:36.962 +0700 [debug] ([34mpack.js[0m) [31mPacking ./app\styles\styles.css[0m
2023-07-17 14:58:36.962 +0700 [debug] ([34mpack.js[0m) [31mPacking ./app\views\modal.html[0m
2023-07-17 14:58:36.964 +0700 [debug] ([34mpack.js[0m) [31mPacking ./config\iparams.json[0m
2023-07-17 14:58:36.964 +0700 [debug] ([34mpack.js[0m) [31mPacking ./manifest.json[0m
2023-07-17 14:58:36.964 +0700 [debug] ([34mpack.js[0m) [31mPacking ./.report.json[0m
2023-07-17 14:58:36.964 +0700 [debug] ([34mpack.js[0m) [31mPacking ./README.md[0m
2023-07-17 14:58:36.964 +0700 [debug] ([34mpack.js[0m) [31mPacking ./digest.md5[0m
2023-07-17 14:58:36.999 +0700 [debug] ([34mvalidate.js[0m) [31masked to skip the following validations, [0m
2023-07-17 14:58:36.999 +0700 [debug] ([34mvalidate.js[0m) [31mskipping validator actions[0m
2023-07-17 14:58:36.999 +0700 [debug] ([34mvalidate.js[0m) [31mskipping validator requests[0m
2023-07-17 14:58:36.999 +0700 [debug] ([34mvalidate.js[0m) [31mskipping validator app-dir[0m
2023-07-17 14:58:36.999 +0700 [debug] ([34mvalidate.js[0m) [31mskipping validator config-dir[0m
2023-07-17 14:58:36.999 +0700 [debug] ([34mvalidate.js[0m) [31mskipping validator custom-objects[0m
2023-07-17 14:58:36.999 +0700 [debug] ([34mvalidate.js[0m) [31mskipping validator event[0m
2023-07-17 14:58:37.000 +0700 [debug] ([34mvalidate.js[0m) [31mskipping validator iparam[0m
2023-07-17 14:58:37.000 +0700 [debug] ([34mvalidate.js[0m) [31mskipping validator lint[0m
2023-07-17 14:58:37.000 +0700 [debug] ([34mvalidate.js[0m) [31mskipping validator manifest[0m
2023-07-17 14:58:37.000 +0700 [debug] ([34mvalidate.js[0m) [31mskipping validator manifest-dependency[0m
2023-07-17 14:58:37.000 +0700 [debug] ([34mvalidate.js[0m) [31mskipping validator oauth[0m
2023-07-17 14:58:37.000 +0700 [debug] ([34mvalidate.js[0m) [31mrunning validator pkgsize[0m
2023-07-17 14:58:37.000 +0700 [debug] ([34mvalidate.js[0m) [31mskipping validator schema[0m
2023-07-17 14:58:37.000 +0700 [debug] ([34mvalidate.js[0m) [31mskipping validator version-check[0m
2023-07-17 14:58:37.001 +0700 [info] App packed successfully at \dist\Management Application.zip
2023-07-17 14:58:37.001 +0700 [info] Upload this file to the marketplace by following the instructions at https://developer.freshworks.com/crm/docs/quick-start/
2023-07-17 14:58:37.002 +0700 [debug] ([34mfile.js[0m) [31mDeleting digest.[0m
2023-07-17 15:02:16.904 +0700 [debug] ([34mconfigs.js[0m) [31mloaded default configs as "{"updates":{"manifest_url":"https://cdn.freshdev.io/assets/fdk/updates.json","period":24},"log":{"level":"info"},"javascript":{"ecma_version":2020},"request":{"timeout":5000}}"[0m
2023-07-17 15:02:16.912 +0700 [debug] ([34mfile.js[0m) [31mError while requiring C:\Users\Admin/.fdk/configs.json: Cannot find module 'C:\Users\Admin/.fdk/configs.json'
Require stack:
- C:\Users\Admin\AppData\Roaming\nvm\v18.16.1\node_modules\fdk\lib\utils\file.js
- C:\Users\Admin\AppData\Roaming\nvm\v18.16.1\node_modules\fdk\lib\configs.js
- C:\Users\Admin\AppData\Roaming\nvm\v18.16.1\node_modules\fdk\lib\logger.js
- C:\Users\Admin\AppData\Roaming\nvm\v18.16.1\node_modules\fdk\index.js[0m
2023-07-17 15:02:16.912 +0700 [debug] ([34mconfigs.js[0m) [31mloaded global configs as "{}"[0m
2023-07-17 15:02:16.912 +0700 [debug] ([34mfile.js[0m) [31mError while requiring D:\TrueBPM\Freshworks\CRM\Management Application/.fdk/configs.json: Cannot find module 'D:\TrueBPM\Freshworks\CRM\Management Application/.fdk/configs.json'
Require stack:
- C:\Users\Admin\AppData\Roaming\nvm\v18.16.1\node_modules\fdk\lib\utils\file.js
- C:\Users\Admin\AppData\Roaming\nvm\v18.16.1\node_modules\fdk\lib\configs.js
- C:\Users\Admin\AppData\Roaming\nvm\v18.16.1\node_modules\fdk\lib\logger.js
- C:\Users\Admin\AppData\Roaming\nvm\v18.16.1\node_modules\fdk\index.js[0m
2023-07-17 15:02:16.913 +0700 [debug] ([34mconfigs.js[0m) [31mloaded local configs as "{}"[0m
2023-07-17 15:02:16.913 +0700 [debug] ([34mconfigs.js[0m) [31mloaded env configs as "{"updates":{},"log":{},"javascript":{},"request":{"timeout":5000}}"[0m
2023-07-17 15:02:16.913 +0700 [debug] ([34mconfigs.js[0m) [31mloaded resolved configs as "{"updates":{"manifest_url":"https://cdn.freshdev.io/assets/fdk/updates.json","period":24},"log":{"level":"info"},"javascript":{"ecma_version":2020},"request":{"timeout":5000}}"[0m
2023-07-17 15:02:16.913 +0700 [debug] ([34mlogger.js[0m) [31mStarting FDK in node v18.16.1 on win32[0m
2023-07-17 15:02:16.913 +0700 [debug] ([34msequelize.js[0m) [31msetting up sqilite at "D:\TrueBPM\Freshworks\CRM\Management Application/.fdk/store.sqlite"[0m
2023-07-17 15:02:16.913 +0700 [debug] ([34mdata.js[0m) [31mRead {"version_details":{"cli":{"deprecated":{"version":"<9","message":"This FDK version will be deprecated by September 30, 2023 There will be no further feature updates to this version. For a seamless app building experience, ensure to move to the latest FDK version. For more information, see https://developers.freshdesk.com/v2/docs/migration-overview/#latest_platform_version_migration."},"forced":{"version":"7.0.0","command":"npm install https://dl.freshdev.io/cli/fdk-7.0.0.tgz -g","message":"Your FDK version has been forced updated to v7.0.0, please visit https://community.developers.freshworks.com/t/fdk-v7-0-announcing-node-js-v12-and-es6-support/3606 to know more"},"latest":{"version":"9.0.2","command":"npm install https://cdn.freshdev.io/fdk/latest.tgz -g","message":"You are on the latest FDK version. For information on the features available as part of this FDK version, see https://developers.freshdesk.com/v2/docs/what's-new/ ."}},"addon":{"version":"1.13.4","url":"https://cdn.freshdev.io/assets/fdk/addons/addon.zip"}},"last_updated":{"time_stamp":1689567723365}}[0m
2023-07-17 15:02:16.913 +0700 [debug] ([34mupdater.js[0m) [31mlast check less than 24 hours ago, not looking for updates[0m
2023-07-17 15:02:16.918 +0700 [debug] ([34mindex.js[0m) [31mrunning with opts {}[0m
2023-07-17 15:02:17.099 +0700 [debug] ([34mmanifest.js[0m) [31mReloading manifest with {"platform-version":"2.3","product":{"freshworks_crm":{"location":{"full_page_app":{"url":"index.html","icon":"styles/images/icon.png"}}}},"engines":{"node":"18.16.1","fdk":"9.0.2"}}.[0m
2023-07-17 15:02:17.099 +0700 [debug] ([34mmanifest.js[0m) [31mInferred db as features.[0m
2023-07-17 15:02:17.100 +0700 [debug] ([34mdata.js[0m) [31mRead {"version_details":{"cli":{"deprecated":{"version":"<9","message":"This FDK version will be deprecated by September 30, 2023 There will be no further feature updates to this version. For a seamless app building experience, ensure to move to the latest FDK version. For more information, see https://developers.freshdesk.com/v2/docs/migration-overview/#latest_platform_version_migration."},"forced":{"version":"7.0.0","command":"npm install https://dl.freshdev.io/cli/fdk-7.0.0.tgz -g","message":"Your FDK version has been forced updated to v7.0.0, please visit https://community.developers.freshworks.com/t/fdk-v7-0-announcing-node-js-v12-and-es6-support/3606 to know more"},"latest":{"version":"9.0.2","command":"npm install https://cdn.freshdev.io/fdk/latest.tgz -g","message":"You are on the latest FDK version. For information on the features available as part of this FDK version, see https://developers.freshdesk.com/v2/docs/what's-new/ ."}},"addon":{"version":"1.13.4","url":"https://cdn.freshdev.io/assets/fdk/addons/addon.zip"}},"last_updated":{"time_stamp":1689567723365}}[0m
2023-07-17 15:02:18.689 +0700 [debug] ([34mdata.js[0m) [31mRead {"version_details":{"cli":{"deprecated":{"version":"<9","message":"This FDK version will be deprecated by September 30, 2023 There will be no further feature updates to this version. For a seamless app building experience, ensure to move to the latest FDK version. For more information, see https://developers.freshdesk.com/v2/docs/migration-overview/#latest_platform_version_migration."},"forced":{"version":"7.0.0","command":"npm install https://dl.freshdev.io/cli/fdk-7.0.0.tgz -g","message":"Your FDK version has been forced updated to v7.0.0, please visit https://community.developers.freshworks.com/t/fdk-v7-0-announcing-node-js-v12-and-es6-support/3606 to know more"},"latest":{"version":"9.0.2","command":"npm install https://cdn.freshdev.io/fdk/latest.tgz -g","message":"You are on the latest FDK version. For information on the features available as part of this FDK version, see https://developers.freshdesk.com/v2/docs/what's-new/ ."}},"addon":{"version":"1.13.4","url":"https://cdn.freshdev.io/assets/fdk/addons/addon.zip"}},"last_updated":{"time_stamp":1689567723365}}[0m
2023-07-17 15:02:19.518 +0700 [debug] ([34mpack.js[0m) [31m'pack' called with {}[0m
2023-07-17 15:02:19.518 +0700 [debug] ([34mvalidate.js[0m) [31masked to skip the following validations, [0m
2023-07-17 15:02:19.518 +0700 [debug] ([34mvalidate.js[0m) [31mrunning validator actions[0m
2023-07-17 15:02:19.519 +0700 [debug] ([34mvalidate.js[0m) [31mrunning validator requests[0m
2023-07-17 15:02:19.519 +0700 [debug] ([34mvalidate.js[0m) [31mrunning validator app-dir[0m
2023-07-17 15:02:19.520 +0700 [debug] ([34mvalidate.js[0m) [31mrunning validator config-dir[0m
2023-07-17 15:02:19.520 +0700 [debug] ([34mconfig-dir.js[0m) [31mChecking to see if D:\TrueBPM\Freshworks\CRM\Management Application/config/ exists.[0m
2023-07-17 15:02:19.521 +0700 [debug] ([34mconfig-dir.js[0m) [31mFetched the following config files iparams.json[0m
2023-07-17 15:02:19.521 +0700 [debug] ([34mvalidate.js[0m) [31mrunning validator custom-objects[0m
2023-07-17 15:02:19.521 +0700 [debug] ([34mvalidate.js[0m) [31mrunning validator event[0m
2023-07-17 15:02:19.521 +0700 [debug] ([34mvalidate.js[0m) [31mrunning validator iparam[0m
2023-07-17 15:02:19.523 +0700 [debug] ([34mvalidate.js[0m) [31mrunning validator lint[0m
2023-07-17 15:02:19.523 +0700 [debug] ([34mlint.js[0m) [31mpassed fix flag: undefined[0m
2023-07-17 15:02:19.526 +0700 [debug] ([34mlint.js[0m) [31mRunning the following lints on the file app\scripts\app.js : no-caller,no-process-env,complexity,max-nested-callbacks,handle-callback-err,no-eval,no-alert,no-debugger,no-unreachable,no-unhandled-promise,no-logging-rejections,no-non-client-request-model,no-deprecated-apis,no-proxy-requests,no-cross-scope-assign,no-empty-function,no-unused-vars[0m
2023-07-17 15:02:19.578 +0700 [debug] ([34mvalidate.js[0m) [31mrunning validator manifest[0m
2023-07-17 15:02:19.578 +0700 [debug] ([34mvalidate.js[0m) [31mrunning validator manifest-dependency[0m
2023-07-17 15:02:19.578 +0700 [debug] ([34mvalidate.js[0m) [31mrunning validator oauth[0m
2023-07-17 15:02:19.578 +0700 [debug] ([34mvalidate.js[0m) [31mskipping validator pkgsize[0m
2023-07-17 15:02:19.578 +0700 [debug] ([34mvalidate.js[0m) [31mskipping validator schema[0m
2023-07-17 15:02:19.578 +0700 [debug] ([34mvalidate.js[0m) [31mrunning validator version-check[0m
2023-07-17 15:02:19.583 +0700 [info] App being packed in Node v18.16.1 using FDK 9.0.2
2023-07-17 15:02:19.597 +0700 [debug] ([34mpack.js[0m) [31mCannot find './visitor-app' directory while packing.[0m
2023-07-17 15:02:19.597 +0700 [debug] ([34mpack.js[0m) [31mCannot find './src' directory while packing.[0m
2023-07-17 15:02:19.598 +0700 [debug] ([34mpack.js[0m) [31mCannot find './server' directory while packing.[0m
2023-07-17 15:02:19.605 +0700 [debug] ([34mfile.js[0m) [31mComputing digest for app\index.html,app\scripts\app.js,app\styles\images\icon.png,app\styles\images\icon.svg,app\styles\styles.css,app\views\modal.html,manifest.json.[0m
2023-07-17 15:02:19.608 +0700 [debug] ([34mpack.js[0m) [31mPacking ./app\index.html[0m
2023-07-17 15:02:19.611 +0700 [debug] ([34mpack.js[0m) [31mPacking ./app\scripts\app.js[0m
2023-07-17 15:02:19.612 +0700 [debug] ([34mpack.js[0m) [31mPacking ./app\styles\images\icon.png[0m
2023-07-17 15:02:19.612 +0700 [debug] ([34mpack.js[0m) [31mPacking ./app\styles\images\icon.svg[0m
2023-07-17 15:02:19.612 +0700 [debug] ([34mpack.js[0m) [31mPacking ./app\styles\styles.css[0m
2023-07-17 15:02:19.612 +0700 [debug] ([34mpack.js[0m) [31mPacking ./app\views\modal.html[0m
2023-07-17 15:02:19.614 +0700 [debug] ([34mpack.js[0m) [31mPacking ./config\iparams.json[0m
2023-07-17 15:02:19.614 +0700 [debug] ([34mpack.js[0m) [31mPacking ./manifest.json[0m
2023-07-17 15:02:19.614 +0700 [debug] ([34mpack.js[0m) [31mPacking ./.report.json[0m
2023-07-17 15:02:19.614 +0700 [debug] ([34mpack.js[0m) [31mPacking ./README.md[0m
2023-07-17 15:02:19.614 +0700 [debug] ([34mpack.js[0m) [31mPacking ./digest.md5[0m
2023-07-17 15:02:19.650 +0700 [debug] ([34mvalidate.js[0m) [31masked to skip the following validations, [0m
2023-07-17 15:02:19.650 +0700 [debug] ([34mvalidate.js[0m) [31mskipping validator actions[0m
2023-07-17 15:02:19.650 +0700 [debug] ([34mvalidate.js[0m) [31mskipping validator requests[0m
2023-07-17 15:02:19.651 +0700 [debug] ([34mvalidate.js[0m) [31mskipping validator app-dir[0m
2023-07-17 15:02:19.651 +0700 [debug] ([34mvalidate.js[0m) [31mskipping validator config-dir[0m
2023-07-17 15:02:19.651 +0700 [debug] ([34mvalidate.js[0m) [31mskipping validator custom-objects[0m
2023-07-17 15:02:19.651 +0700 [debug] ([34mvalidate.js[0m) [31mskipping validator event[0m
2023-07-17 15:02:19.651 +0700 [debug] ([34mvalidate.js[0m) [31mskipping validator iparam[0m
2023-07-17 15:02:19.651 +0700 [debug] ([34mvalidate.js[0m) [31mskipping validator lint[0m
2023-07-17 15:02:19.651 +0700 [debug] ([34mvalidate.js[0m) [31mskipping validator manifest[0m
2023-07-17 15:02:19.651 +0700 [debug] ([34mvalidate.js[0m) [31mskipping validator manifest-dependency[0m
2023-07-17 15:02:19.651 +0700 [debug] ([34mvalidate.js[0m) [31mskipping validator oauth[0m
2023-07-17 15:02:19.651 +0700 [debug] ([34mvalidate.js[0m) [31mrunning validator pkgsize[0m
2023-07-17 15:02:19.651 +0700 [debug] ([34mvalidate.js[0m) [31mskipping validator schema[0m
2023-07-17 15:02:19.652 +0700 [debug] ([34mvalidate.js[0m) [31mskipping validator version-check[0m
2023-07-17 15:02:19.652 +0700 [info] App packed successfully at \dist\Management Application.zip
2023-07-17 15:02:19.653 +0700 [info] Upload this file to the marketplace by following the instructions at https://developer.freshworks.com/crm/docs/quick-start/
2023-07-17 15:02:19.653 +0700 [debug] ([34mfile.js[0m) [31mDeleting digest.[0m
2023-07-17 15:04:52.935 +0700 [debug] ([34mconfigs.js[0m) [31mloaded default configs as "{"updates":{"manifest_url":"https://cdn.freshdev.io/assets/fdk/updates.json","period":24},"log":{"level":"info"},"javascript":{"ecma_version":2020},"request":{"timeout":5000}}"[0m
2023-07-17 15:04:52.944 +0700 [debug] ([34mfile.js[0m) [31mError while requiring C:\Users\Admin/.fdk/configs.json: Cannot find module 'C:\Users\Admin/.fdk/configs.json'
Require stack:
- C:\Users\Admin\AppData\Roaming\nvm\v18.16.1\node_modules\fdk\lib\utils\file.js
- C:\Users\Admin\AppData\Roaming\nvm\v18.16.1\node_modules\fdk\lib\configs.js
- C:\Users\Admin\AppData\Roaming\nvm\v18.16.1\node_modules\fdk\lib\logger.js
- C:\Users\Admin\AppData\Roaming\nvm\v18.16.1\node_modules\fdk\index.js[0m
2023-07-17 15:04:52.944 +0700 [debug] ([34mconfigs.js[0m) [31mloaded global configs as "{}"[0m
2023-07-17 15:04:52.945 +0700 [debug] ([34mfile.js[0m) [31mError while requiring D:\TrueBPM\Freshworks\CRM\Management Application/.fdk/configs.json: Cannot find module 'D:\TrueBPM\Freshworks\CRM\Management Application/.fdk/configs.json'
Require stack:
- C:\Users\Admin\AppData\Roaming\nvm\v18.16.1\node_modules\fdk\lib\utils\file.js
- C:\Users\Admin\AppData\Roaming\nvm\v18.16.1\node_modules\fdk\lib\configs.js
- C:\Users\Admin\AppData\Roaming\nvm\v18.16.1\node_modules\fdk\lib\logger.js
- C:\Users\Admin\AppData\Roaming\nvm\v18.16.1\node_modules\fdk\index.js[0m
2023-07-17 15:04:52.945 +0700 [debug] ([34mconfigs.js[0m) [31mloaded local configs as "{}"[0m
2023-07-17 15:04:52.945 +0700 [debug] ([34mconfigs.js[0m) [31mloaded env configs as "{"updates":{},"log":{},"javascript":{},"request":{"timeout":5000}}"[0m
2023-07-17 15:04:52.945 +0700 [debug] ([34mconfigs.js[0m) [31mloaded resolved configs as "{"updates":{"manifest_url":"https://cdn.freshdev.io/assets/fdk/updates.json","period":24},"log":{"level":"info"},"javascript":{"ecma_version":2020},"request":{"timeout":5000}}"[0m
2023-07-17 15:04:52.945 +0700 [debug] ([34mlogger.js[0m) [31mStarting FDK in node v18.16.1 on win32[0m
2023-07-17 15:04:52.945 +0700 [debug] ([34msequelize.js[0m) [31msetting up sqilite at "D:\TrueBPM\Freshworks\CRM\Management Application/.fdk/store.sqlite"[0m
2023-07-17 15:04:52.945 +0700 [debug] ([34mdata.js[0m) [31mRead {"version_details":{"cli":{"deprecated":{"version":"<9","message":"This FDK version will be deprecated by September 30, 2023 There will be no further feature updates to this version. For a seamless app building experience, ensure to move to the latest FDK version. For more information, see https://developers.freshdesk.com/v2/docs/migration-overview/#latest_platform_version_migration."},"forced":{"version":"7.0.0","command":"npm install https://dl.freshdev.io/cli/fdk-7.0.0.tgz -g","message":"Your FDK version has been forced updated to v7.0.0, please visit https://community.developers.freshworks.com/t/fdk-v7-0-announcing-node-js-v12-and-es6-support/3606 to know more"},"latest":{"version":"9.0.2","command":"npm install https://cdn.freshdev.io/fdk/latest.tgz -g","message":"You are on the latest FDK version. For information on the features available as part of this FDK version, see https://developers.freshdesk.com/v2/docs/what's-new/ ."}},"addon":{"version":"1.13.4","url":"https://cdn.freshdev.io/assets/fdk/addons/addon.zip"}},"last_updated":{"time_stamp":1689567723365}}[0m
2023-07-17 15:04:52.946 +0700 [debug] ([34mupdater.js[0m) [31mlast check less than 24 hours ago, not looking for updates[0m
2023-07-17 15:04:52.950 +0700 [debug] ([34mindex.js[0m) [31mrunning with opts {}[0m
2023-07-17 15:04:53.419 +0700 [debug] ([34mmanifest.js[0m) [31mReloading manifest with {"platform-version":"2.3","product":{"freshworks_crm":{"location":{"full_page_app":{"url":"index.html","icon":"styles/images/icon.png"}}}},"engines":{"node":"18.16.1","fdk":"9.0.2"}}.[0m
2023-07-17 15:04:53.420 +0700 [debug] ([34mmanifest.js[0m) [31mInferred db as features.[0m
2023-07-17 15:04:53.425 +0700 [debug] ([34mdata.js[0m) [31mRead {"version_details":{"cli":{"deprecated":{"version":"<9","message":"This FDK version will be deprecated by September 30, 2023 There will be no further feature updates to this version. For a seamless app building experience, ensure to move to the latest FDK version. For more information, see https://developers.freshdesk.com/v2/docs/migration-overview/#latest_platform_version_migration."},"forced":{"version":"7.0.0","command":"npm install https://dl.freshdev.io/cli/fdk-7.0.0.tgz -g","message":"Your FDK version has been forced updated to v7.0.0, please visit https://community.developers.freshworks.com/t/fdk-v7-0-announcing-node-js-v12-and-es6-support/3606 to know more"},"latest":{"version":"9.0.2","command":"npm install https://cdn.freshdev.io/fdk/latest.tgz -g","message":"You are on the latest FDK version. For information on the features available as part of this FDK version, see https://developers.freshdesk.com/v2/docs/what's-new/ ."}},"addon":{"version":"1.13.4","url":"https://cdn.freshdev.io/assets/fdk/addons/addon.zip"}},"last_updated":{"time_stamp":1689567723365}}[0m
2023-07-17 15:04:53.456 +0700 [debug] ([34mdata.js[0m) [31mRead {"version_details":{"cli":{"deprecated":{"version":"<9","message":"This FDK version will be deprecated by September 30, 2023 There will be no further feature updates to this version. For a seamless app building experience, ensure to move to the latest FDK version. For more information, see https://developers.freshdesk.com/v2/docs/migration-overview/#latest_platform_version_migration."},"forced":{"version":"7.0.0","command":"npm install https://dl.freshdev.io/cli/fdk-7.0.0.tgz -g","message":"Your FDK version has been forced updated to v7.0.0, please visit https://community.developers.freshworks.com/t/fdk-v7-0-announcing-node-js-v12-and-es6-support/3606 to know more"},"latest":{"version":"9.0.2","command":"npm install https://cdn.freshdev.io/fdk/latest.tgz -g","message":"You are on the latest FDK version. For information on the features available as part of this FDK version, see https://developers.freshdesk.com/v2/docs/what's-new/ ."}},"addon":{"version":"1.13.4","url":"https://cdn.freshdev.io/assets/fdk/addons/addon.zip"}},"last_updated":{"time_stamp":1689567723365}}[0m
2023-07-17 15:04:55.368 +0700 [debug] ([34mdata.js[0m) [31mRead {"version_details":{"cli":{"deprecated":{"version":"<9","message":"This FDK version will be deprecated by September 30, 2023 There will be no further feature updates to this version. For a seamless app building experience, ensure to move to the latest FDK version. For more information, see https://developers.freshdesk.com/v2/docs/migration-overview/#latest_platform_version_migration."},"forced":{"version":"7.0.0","command":"npm install https://dl.freshdev.io/cli/fdk-7.0.0.tgz -g","message":"Your FDK version has been forced updated to v7.0.0, please visit https://community.developers.freshworks.com/t/fdk-v7-0-announcing-node-js-v12-and-es6-support/3606 to know more"},"latest":{"version":"9.0.2","command":"npm install https://cdn.freshdev.io/fdk/latest.tgz -g","message":"You are on the latest FDK version. For information on the features available as part of this FDK version, see https://developers.freshdesk.com/v2/docs/what's-new/ ."}},"addon":{"version":"1.13.4","url":"https://cdn.freshdev.io/assets/fdk/addons/addon.zip"}},"last_updated":{"time_stamp":1689567723365}}[0m
2023-07-17 15:04:57.041 +0700 [debug] ([34mvalidate.js[0m) [31masked to skip the following validations, [0m
2023-07-17 15:04:57.042 +0700 [debug] ([34mvalidate.js[0m) [31mrunning validator actions[0m
2023-07-17 15:04:57.042 +0700 [debug] ([34mvalidate.js[0m) [31mrunning validator requests[0m
2023-07-17 15:04:57.043 +0700 [debug] ([34mvalidate.js[0m) [31mrunning validator app-dir[0m
2023-07-17 15:04:57.044 +0700 [debug] ([34mvalidate.js[0m) [31mrunning validator config-dir[0m
2023-07-17 15:04:57.045 +0700 [debug] ([34mconfig-dir.js[0m) [31mChecking to see if D:\TrueBPM\Freshworks\CRM\Management Application/config/ exists.[0m
2023-07-17 15:04:57.045 +0700 [debug] ([34mconfig-dir.js[0m) [31mFetched the following config files iparams.json[0m
2023-07-17 15:04:57.045 +0700 [debug] ([34mvalidate.js[0m) [31mrunning validator custom-objects[0m
2023-07-17 15:04:57.045 +0700 [debug] ([34mvalidate.js[0m) [31mrunning validator event[0m
2023-07-17 15:04:57.045 +0700 [debug] ([34mvalidate.js[0m) [31mrunning validator iparam[0m
2023-07-17 15:04:57.048 +0700 [debug] ([34mvalidate.js[0m) [31mrunning validator lint[0m
2023-07-17 15:04:57.048 +0700 [debug] ([34mlint.js[0m) [31mpassed fix flag: undefined[0m
2023-07-17 15:04:57.051 +0700 [debug] ([34mlint.js[0m) [31mRunning the following lints on the file app\scripts\app.js : no-caller,no-process-env,complexity,max-nested-callbacks,handle-callback-err,no-eval,no-alert,no-debugger,no-unreachable,no-unhandled-promise,no-logging-rejections,no-non-client-request-model,no-deprecated-apis,no-proxy-requests,no-cross-scope-assign,no-empty-function,no-unused-vars[0m
2023-07-17 15:04:57.106 +0700 [debug] ([34mvalidate.js[0m) [31mrunning validator manifest[0m
2023-07-17 15:04:57.106 +0700 [debug] ([34mvalidate.js[0m) [31mskipping validator manifest-dependency[0m
2023-07-17 15:04:57.107 +0700 [debug] ([34mvalidate.js[0m) [31mrunning validator oauth[0m
2023-07-17 15:04:57.107 +0700 [debug] ([34mvalidate.js[0m) [31mskipping validator pkgsize[0m
2023-07-17 15:04:57.107 +0700 [debug] ([34mvalidate.js[0m) [31mrunning validator schema[0m
2023-07-17 15:04:57.107 +0700 [debug] ([34mvalidate.js[0m) [31mrunning validator version-check[0m
2023-07-17 15:04:57.112 +0700 [debug] ([34mwatcher.js[0m) [31mPreparing to watch the following files ./app,./config,./manifest.json[0m
2023-07-17 15:04:57.117 +0700 [debug] ([34mdata.js[0m) [31mRead {}[0m
2023-07-17 15:04:57.118 +0700 [debug] ([34mcustom-objects.js[0m) [31mto force or not? undefined[0m
2023-07-17 15:04:57.118 +0700 [debug] ([34mcustom-objects.js[0m) [31mbeginning to re-sync db[0m
2023-07-17 15:04:57.360 +0700 [debug] ([34mindex.js[0m) [31mloading model at "C:\Users\Admin\AppData\Roaming\nvm\v18.16.1\node_modules\fdk\lib\models\bigint-pivot.js"[0m
2023-07-17 15:04:57.364 +0700 [debug] ([34mindex.js[0m) [31mloading model at "C:\Users\Admin\AppData\Roaming\nvm\v18.16.1\node_modules\fdk\lib\models\entity-field-choice.js"[0m
2023-07-17 15:04:57.365 +0700 [debug] ([34mindex.js[0m) [31mloading model at "C:\Users\Admin\AppData\Roaming\nvm\v18.16.1\node_modules\fdk\lib\models\entity-field.js"[0m
2023-07-17 15:04:57.366 +0700 [debug] ([34mindex.js[0m) [31mloading model at "C:\Users\Admin\AppData\Roaming\nvm\v18.16.1\node_modules\fdk\lib\models\entity.js"[0m
2023-07-17 15:04:57.368 +0700 [debug] ([34mindex.js[0m) [31mloading model at "C:\Users\Admin\AppData\Roaming\nvm\v18.16.1\node_modules\fdk\lib\models\record.js"[0m
2023-07-17 15:04:57.370 +0700 [debug] ([34mindex.js[0m) [31mloading model at "C:\Users\Admin\AppData\Roaming\nvm\v18.16.1\node_modules\fdk\lib\models\string-pivot.js"[0m
2023-07-17 15:04:57.386 +0700 [debug] ([34mdata.js[0m) [31mRead {}[0m
2023-07-17 15:04:57.387 +0700 [debug] ([34mcustom-objects.js[0m) [31mupdated local store with latest entity hash[0m
2023-07-17 15:04:57.389 +0700 [info] Starting local testing server at http://*:10001/    
Append 'dev=true' to your Freshworks_crm account URL to start testing    
e.g. https://domain.myfreshworks.com/crm/sales/contacts/2007663673?dev=true    
Quit the server with Control-C.
2023-07-17 15:05:12.203 +0700 [debug] ([34mdata.js[0m) [31mRead {}[0m
2023-07-17 15:05:12.205 +0700 [debug] ([34mdata.js[0m) [31mRead {}[0m
2023-07-17 15:05:12.206 +0700 [debug] ([34miframe.js[0m) [31mResponding to product with {"configs":{},"displayName":"Management Application","product":{"freshworks_crm":{"location":{"full_page_app":{"url":"agent/index.html","icon":"agent/styles/images/icon.png"}}}},"features":["db"],"actions":false,"omni":false,"products":["freshworks_crm"],"platform":"2.3","isInstall":false,"v2":[{"id":1,"version_id":1,"configs":{},"displayName":"Management Application","placeholders":{"full_page_app":{"url":"http://localhost:10001/iframe/index.html","icon":"styles/images/icon.png"}}}]}[0m
2023-07-17 15:05:44.927 +0700 [debug] ([34mdata.js[0m) [31mRead {}[0m
2023-07-17 15:05:44.930 +0700 [debug] ([34mdata.js[0m) [31mRead {}[0m
2023-07-17 15:05:44.931 +0700 [debug] ([34miframe.js[0m) [31mResponding to product with {"configs":{},"displayName":"Management Application","product":{"freshworks_crm":{"location":{"full_page_app":{"url":"agent/index.html","icon":"agent/styles/images/icon.png"}}}},"features":["db"],"actions":false,"omni":false,"products":["freshworks_crm"],"platform":"2.3","isInstall":false,"v2":[{"id":1,"version_id":1,"configs":{},"displayName":"Management Application","placeholders":{"full_page_app":{"url":"http://localhost:10001/iframe/index.html","icon":"styles/images/icon.png"}}}]}[0m
2023-07-17 15:06:45.940 +0700 [debug] ([34mwatcher.js[0m) [31mBroadcasted "{"file":"app\\index.html"}" to all listeners.[0m
2023-07-17 15:07:59.853 +0700 [debug] ([34mwatcher.js[0m) [31mBroadcasted "{"file":"app\\index.html"}" to all listeners.[0m
2023-07-17 15:09:13.997 +0700 [debug] ([34mwatcher.js[0m) [31mBroadcasted "{"file":"app\\scripts\\app.js"}" to all listeners.[0m
2023-07-17 15:09:20.418 +0700 [info] 
NOTE: We recommend a coverage of 80% for apps that are to be published in the public marketplace.
2023-07-17 15:09:25.696 +0700 [debug] ([34mconfigs.js[0m) [31mloaded default configs as "{"updates":{"manifest_url":"https://cdn.freshdev.io/assets/fdk/updates.json","period":24},"log":{"level":"info"},"javascript":{"ecma_version":2020},"request":{"timeout":5000}}"[0m
2023-07-17 15:09:25.698 +0700 [debug] ([34mfile.js[0m) [31mError while requiring C:\Users\Admin/.fdk/configs.json: Cannot find module 'C:\Users\Admin/.fdk/configs.json'
Require stack:
- C:\Users\Admin\AppData\Roaming\nvm\v18.16.1\node_modules\fdk\lib\utils\file.js
- C:\Users\Admin\AppData\Roaming\nvm\v18.16.1\node_modules\fdk\lib\configs.js
- C:\Users\Admin\AppData\Roaming\nvm\v18.16.1\node_modules\fdk\lib\logger.js
- C:\Users\Admin\AppData\Roaming\nvm\v18.16.1\node_modules\fdk\index.js[0m
2023-07-17 15:09:25.698 +0700 [debug] ([34mconfigs.js[0m) [31mloaded global configs as "{}"[0m
2023-07-17 15:09:25.698 +0700 [debug] ([34mfile.js[0m) [31mError while requiring D:\TrueBPM\Freshworks\CRM\Management Application/.fdk/configs.json: Cannot find module 'D:\TrueBPM\Freshworks\CRM\Management Application/.fdk/configs.json'
Require stack:
- C:\Users\Admin\AppData\Roaming\nvm\v18.16.1\node_modules\fdk\lib\utils\file.js
- C:\Users\Admin\AppData\Roaming\nvm\v18.16.1\node_modules\fdk\lib\configs.js
- C:\Users\Admin\AppData\Roaming\nvm\v18.16.1\node_modules\fdk\lib\logger.js
- C:\Users\Admin\AppData\Roaming\nvm\v18.16.1\node_modules\fdk\index.js[0m
2023-07-17 15:09:25.699 +0700 [debug] ([34mconfigs.js[0m) [31mloaded local configs as "{}"[0m
2023-07-17 15:09:25.699 +0700 [debug] ([34mconfigs.js[0m) [31mloaded env configs as "{"updates":{},"log":{},"javascript":{},"request":{"timeout":5000}}"[0m
2023-07-17 15:09:25.699 +0700 [debug] ([34mconfigs.js[0m) [31mloaded resolved configs as "{"updates":{"manifest_url":"https://cdn.freshdev.io/assets/fdk/updates.json","period":24},"log":{"level":"info"},"javascript":{"ecma_version":2020},"request":{"timeout":5000}}"[0m
2023-07-17 15:09:25.699 +0700 [debug] ([34mlogger.js[0m) [31mStarting FDK in node v18.16.1 on win32[0m
2023-07-17 15:09:25.699 +0700 [debug] ([34msequelize.js[0m) [31msetting up sqilite at "D:\TrueBPM\Freshworks\CRM\Management Application/.fdk/store.sqlite"[0m
2023-07-17 15:09:25.699 +0700 [debug] ([34mdata.js[0m) [31mRead {"version_details":{"cli":{"deprecated":{"version":"<9","message":"This FDK version will be deprecated by September 30, 2023 There will be no further feature updates to this version. For a seamless app building experience, ensure to move to the latest FDK version. For more information, see https://developers.freshdesk.com/v2/docs/migration-overview/#latest_platform_version_migration."},"forced":{"version":"7.0.0","command":"npm install https://dl.freshdev.io/cli/fdk-7.0.0.tgz -g","message":"Your FDK version has been forced updated to v7.0.0, please visit https://community.developers.freshworks.com/t/fdk-v7-0-announcing-node-js-v12-and-es6-support/3606 to know more"},"latest":{"version":"9.0.2","command":"npm install https://cdn.freshdev.io/fdk/latest.tgz -g","message":"You are on the latest FDK version. For information on the features available as part of this FDK version, see https://developers.freshdesk.com/v2/docs/what's-new/ ."}},"addon":{"version":"1.13.4","url":"https://cdn.freshdev.io/assets/fdk/addons/addon.zip"}},"last_updated":{"time_stamp":1689567723365}}[0m
2023-07-17 15:09:25.699 +0700 [debug] ([34mupdater.js[0m) [31mlast check less than 24 hours ago, not looking for updates[0m
2023-07-17 15:09:25.703 +0700 [debug] ([34mindex.js[0m) [31mrunning with opts {}[0m
2023-07-17 15:09:25.891 +0700 [debug] ([34mmanifest.js[0m) [31mReloading manifest with {"platform-version":"2.3","product":{"freshworks_crm":{"location":{"full_page_app":{"url":"index.html","icon":"styles/images/icon.png"}}}},"engines":{"node":"18.16.1","fdk":"9.0.2"}}.[0m
2023-07-17 15:09:25.892 +0700 [debug] ([34mmanifest.js[0m) [31mInferred db as features.[0m
2023-07-17 15:09:25.893 +0700 [debug] ([34mdata.js[0m) [31mRead {"version_details":{"cli":{"deprecated":{"version":"<9","message":"This FDK version will be deprecated by September 30, 2023 There will be no further feature updates to this version. For a seamless app building experience, ensure to move to the latest FDK version. For more information, see https://developers.freshdesk.com/v2/docs/migration-overview/#latest_platform_version_migration."},"forced":{"version":"7.0.0","command":"npm install https://dl.freshdev.io/cli/fdk-7.0.0.tgz -g","message":"Your FDK version has been forced updated to v7.0.0, please visit https://community.developers.freshworks.com/t/fdk-v7-0-announcing-node-js-v12-and-es6-support/3606 to know more"},"latest":{"version":"9.0.2","command":"npm install https://cdn.freshdev.io/fdk/latest.tgz -g","message":"You are on the latest FDK version. For information on the features available as part of this FDK version, see https://developers.freshdesk.com/v2/docs/what's-new/ ."}},"addon":{"version":"1.13.4","url":"https://cdn.freshdev.io/assets/fdk/addons/addon.zip"}},"last_updated":{"time_stamp":1689567723365}}[0m
2023-07-17 15:09:27.722 +0700 [debug] ([34mdata.js[0m) [31mRead {"version_details":{"cli":{"deprecated":{"version":"<9","message":"This FDK version will be deprecated by September 30, 2023 There will be no further feature updates to this version. For a seamless app building experience, ensure to move to the latest FDK version. For more information, see https://developers.freshdesk.com/v2/docs/migration-overview/#latest_platform_version_migration."},"forced":{"version":"7.0.0","command":"npm install https://dl.freshdev.io/cli/fdk-7.0.0.tgz -g","message":"Your FDK version has been forced updated to v7.0.0, please visit https://community.developers.freshworks.com/t/fdk-v7-0-announcing-node-js-v12-and-es6-support/3606 to know more"},"latest":{"version":"9.0.2","command":"npm install https://cdn.freshdev.io/fdk/latest.tgz -g","message":"You are on the latest FDK version. For information on the features available as part of this FDK version, see https://developers.freshdesk.com/v2/docs/what's-new/ ."}},"addon":{"version":"1.13.4","url":"https://cdn.freshdev.io/assets/fdk/addons/addon.zip"}},"last_updated":{"time_stamp":1689567723365}}[0m
2023-07-17 15:09:28.477 +0700 [debug] ([34mpack.js[0m) [31m'pack' called with {}[0m
2023-07-17 15:09:28.477 +0700 [debug] ([34mvalidate.js[0m) [31masked to skip the following validations, [0m
2023-07-17 15:09:28.478 +0700 [debug] ([34mvalidate.js[0m) [31mrunning validator actions[0m
2023-07-17 15:09:28.478 +0700 [debug] ([34mvalidate.js[0m) [31mrunning validator requests[0m
2023-07-17 15:09:28.478 +0700 [debug] ([34mvalidate.js[0m) [31mrunning validator app-dir[0m
2023-07-17 15:09:28.479 +0700 [debug] ([34mvalidate.js[0m) [31mrunning validator config-dir[0m
2023-07-17 15:09:28.479 +0700 [debug] ([34mconfig-dir.js[0m) [31mChecking to see if D:\TrueBPM\Freshworks\CRM\Management Application/config/ exists.[0m
2023-07-17 15:09:28.480 +0700 [debug] ([34mconfig-dir.js[0m) [31mFetched the following config files iparams.json[0m
2023-07-17 15:09:28.480 +0700 [debug] ([34mvalidate.js[0m) [31mrunning validator custom-objects[0m
2023-07-17 15:09:28.480 +0700 [debug] ([34mvalidate.js[0m) [31mrunning validator event[0m
2023-07-17 15:09:28.480 +0700 [debug] ([34mvalidate.js[0m) [31mrunning validator iparam[0m
2023-07-17 15:09:28.482 +0700 [debug] ([34mvalidate.js[0m) [31mrunning validator lint[0m
2023-07-17 15:09:28.482 +0700 [debug] ([34mlint.js[0m) [31mpassed fix flag: undefined[0m
2023-07-17 15:09:28.484 +0700 [debug] ([34mlint.js[0m) [31mRunning the following lints on the file app\scripts\app.js : no-caller,no-process-env,complexity,max-nested-callbacks,handle-callback-err,no-eval,no-alert,no-debugger,no-unreachable,no-unhandled-promise,no-logging-rejections,no-non-client-request-model,no-deprecated-apis,no-proxy-requests,no-cross-scope-assign,no-empty-function,no-unused-vars[0m
2023-07-17 15:09:28.528 +0700 [debug] ([34mvalidate.js[0m) [31mrunning validator manifest[0m
2023-07-17 15:09:28.528 +0700 [debug] ([34mvalidate.js[0m) [31mrunning validator manifest-dependency[0m
2023-07-17 15:09:28.528 +0700 [debug] ([34mvalidate.js[0m) [31mrunning validator oauth[0m
2023-07-17 15:09:28.529 +0700 [debug] ([34mvalidate.js[0m) [31mskipping validator pkgsize[0m
2023-07-17 15:09:28.529 +0700 [debug] ([34mvalidate.js[0m) [31mskipping validator schema[0m
2023-07-17 15:09:28.529 +0700 [debug] ([34mvalidate.js[0m) [31mrunning validator version-check[0m
2023-07-17 15:09:28.532 +0700 [info] App being packed in Node v18.16.1 using FDK 9.0.2
2023-07-17 15:09:28.556 +0700 [debug] ([34mpack.js[0m) [31mCannot find './visitor-app' directory while packing.[0m
2023-07-17 15:09:28.556 +0700 [debug] ([34mpack.js[0m) [31mCannot find './src' directory while packing.[0m
2023-07-17 15:09:28.556 +0700 [debug] ([34mpack.js[0m) [31mCannot find './server' directory while packing.[0m
2023-07-17 15:09:28.562 +0700 [debug] ([34mfile.js[0m) [31mComputing digest for app\index.html,app\scripts\app.js,app\styles\images\icon.png,app\styles\images\icon.svg,app\styles\styles.css,app\views\modal.html,manifest.json.[0m
2023-07-17 15:09:28.564 +0700 [debug] ([34mpack.js[0m) [31mPacking ./app\index.html[0m
2023-07-17 15:09:28.567 +0700 [debug] ([34mpack.js[0m) [31mPacking ./app\scripts\app.js[0m
2023-07-17 15:09:28.569 +0700 [debug] ([34mpack.js[0m) [31mPacking ./app\styles\images\icon.png[0m
2023-07-17 15:09:28.569 +0700 [debug] ([34mpack.js[0m) [31mPacking ./app\styles\images\icon.svg[0m
2023-07-17 15:09:28.569 +0700 [debug] ([34mpack.js[0m) [31mPacking ./app\styles\styles.css[0m
2023-07-17 15:09:28.569 +0700 [debug] ([34mpack.js[0m) [31mPacking ./app\views\modal.html[0m
2023-07-17 15:09:28.571 +0700 [debug] ([34mpack.js[0m) [31mPacking ./config\iparams.json[0m
2023-07-17 15:09:28.571 +0700 [debug] ([34mpack.js[0m) [31mPacking ./manifest.json[0m
2023-07-17 15:09:28.571 +0700 [debug] ([34mpack.js[0m) [31mPacking ./.report.json[0m
2023-07-17 15:09:28.571 +0700 [debug] ([34mpack.js[0m) [31mPacking ./README.md[0m
2023-07-17 15:09:28.571 +0700 [debug] ([34mpack.js[0m) [31mPacking ./digest.md5[0m
2023-07-17 15:09:28.611 +0700 [debug] ([34mvalidate.js[0m) [31masked to skip the following validations, [0m
2023-07-17 15:09:28.611 +0700 [debug] ([34mvalidate.js[0m) [31mskipping validator actions[0m
2023-07-17 15:09:28.612 +0700 [debug] ([34mvalidate.js[0m) [31mskipping validator requests[0m
2023-07-17 15:09:28.612 +0700 [debug] ([34mvalidate.js[0m) [31mskipping validator app-dir[0m
2023-07-17 15:09:28.612 +0700 [debug] ([34mvalidate.js[0m) [31mskipping validator config-dir[0m
2023-07-17 15:09:28.612 +0700 [debug] ([34mvalidate.js[0m) [31mskipping validator custom-objects[0m
2023-07-17 15:09:28.612 +0700 [debug] ([34mvalidate.js[0m) [31mskipping validator event[0m
2023-07-17 15:09:28.612 +0700 [debug] ([34mvalidate.js[0m) [31mskipping validator iparam[0m
2023-07-17 15:09:28.612 +0700 [debug] ([34mvalidate.js[0m) [31mskipping validator lint[0m
2023-07-17 15:09:28.612 +0700 [debug] ([34mvalidate.js[0m) [31mskipping validator manifest[0m
2023-07-17 15:09:28.612 +0700 [debug] ([34mvalidate.js[0m) [31mskipping validator manifest-dependency[0m
2023-07-17 15:09:28.612 +0700 [debug] ([34mvalidate.js[0m) [31mskipping validator oauth[0m
2023-07-17 15:09:28.612 +0700 [debug] ([34mvalidate.js[0m) [31mrunning validator pkgsize[0m
2023-07-17 15:09:28.613 +0700 [debug] ([34mvalidate.js[0m) [31mskipping validator schema[0m
2023-07-17 15:09:28.613 +0700 [debug] ([34mvalidate.js[0m) [31mskipping validator version-check[0m
2023-07-17 15:09:28.613 +0700 [info] App packed successfully at \dist\Management Application.zip
2023-07-17 15:09:28.614 +0700 [info] Upload this file to the marketplace by following the instructions at https://developer.freshworks.com/crm/docs/quick-start/
2023-07-17 15:09:28.614 +0700 [debug] ([34mfile.js[0m) [31mDeleting digest.[0m
